2020-12-28 16:31:30--- INFO --- "178813619" Type: delete_booking
2020-12-28 16:31:33--- INFO --- [{"id":"16","student_id":"990082","tookan_id":"31358318","booking_date":"1970-01-01 12:00:00","instructor":"861268","job_id":"178820250","status":"1"},{"id":"17","student_id":"990082","tookan_id":"31358318","booking_date":"1970-01-01 12:00:00","instructor":"861268","job_id":"178825206","status":"1"}] Type: get_student_bookings
2020-12-28 16:32:30--- INFO --- "178820250" Type: delete_booking
2020-12-28 16:32:34--- INFO --- "178825206" Type: delete_booking
2020-12-28 16:34:41--- INFO --- [] Type: get_student_bookings
2020-12-28 16:36:37--- INFO --- [] Type: get_student_bookings
2020-12-28 16:40:07--- INFO --- [] Type: get_student_bookings
2020-12-28 16:48:30--- INFO --- [] Type: get_student_bookings
2020-12-28 16:50:30--- INFO --- [] Type: get_student_bookings
2020-12-28 16:51:30--- INFO --- [] Type: get_student_bookings
2020-12-28 17:04:09--- INFO --- [] Type: get_student_bookings
2020-12-28 17:07:36--- INFO --- [] Type: get_student_bookings
2020-12-28 17:14:52--- INFO --- [] Type: get_student_bookings
2020-12-28 17:16:10--- INFO --- "array" Type: READ student agents
2020-12-28 17:16:12--- INFO --- {"success":true,"agent_id":"861268","job_id":180280968} Type: add_student_bookings--task
2020-12-28 17:16:12--- INFO --- {"student_id":"990082","tookan_id":"31358318","booking_date":"1970-01-01 12:00:00","instructor":"861268","job_id":180280968,"status":1} Type: check data
2020-12-28 17:16:12--- INFO --- 1 Type: save_student_booking
2020-12-28 17:29:39--- INFO --- [{"id":"18","student_id":"990082","tookan_id":"31358318","booking_date":"1970-01-01 12:00:00","instructor":"861268","job_id":"180280968","status":"1"}] Type: get_student_bookings
2020-12-28 17:30:19--- INFO --- [{"id":"18","student_id":"990082","tookan_id":"31358318","booking_date":"1970-01-01 12:00:00","instructor":"861268","job_id":"180280968","status":"1"}] Type: get_student_bookings
2020-12-28 17:30:59--- INFO --- [{"id":"18","student_id":"990082","tookan_id":"31358318","booking_date":"1970-01-01 12:00:00","instructor":"861268","job_id":"180280968","status":"1"}] Type: get_student_bookings
2020-12-28 17:32:19--- INFO --- [{"id":"18","student_id":"990082","tookan_id":"31358318","booking_date":"1970-01-01 12:00:00","instructor":"861268","job_id":"180280968","status":"1"}] Type: get_student_bookings
2020-12-28 17:42:24--- INFO --- [{"id":"10","student_id":"990077","tookan_id":"31225378","booking_date":"2021-02-25 10:00:00","instructor":"861268","job_id":"173403458","status":"1"},{"id":"11","student_id":"990077","tookan_id":"31225378","booking_date":"2020-12-15 11:00:00","instructor":"861268","job_id":"174297224","status":"1"},{"id":"12","student_id":"990077","tookan_id":"31225378","booking_date":"2020-12-16 11:00:00","instructor":"861268","job_id":"174297376","status":"1"},{"id":"18","student_id":"990082","tookan_id":"31358318","booking_date":"1970-01-01 12:00:00","instructor":"861268","job_id":"180280968","status":"1"}] Type: get_all_bookings
2020-12-28 17:42:24--- INFO --- {"id":"6","instructor_id":"861268","inst_name":"Mahalingam N","latitude":"43.5413470","longitude":"-79.7166538","booking_ids":null} Type: render_page
2020-12-28 17:42:24--- INFO --- {"id":"10","student_id":"990077","tookan_id":"31225378","booking_date":"2021-02-25 10:00:00","instructor":"861268","job_id":"173403458","status":"Pending","instructor_name":"Mahalingam N","cancel":true} Type: render_pagebooking
2020-12-28 17:42:24--- INFO --- {"id":"6","instructor_id":"861268","inst_name":"Mahalingam N","latitude":"43.5413470","longitude":"-79.7166538","booking_ids":null} Type: render_page
2020-12-28 17:42:24--- INFO --- {"id":"11","student_id":"990077","tookan_id":"31225378","booking_date":"2020-12-15 11:00:00","instructor":"861268","job_id":"174297224","status":"Pending","instructor_name":"Mahalingam N","cancel":true} Type: render_pagebooking
2020-12-28 17:42:24--- INFO --- {"id":"6","instructor_id":"861268","inst_name":"Mahalingam N","latitude":"43.5413470","longitude":"-79.7166538","booking_ids":null} Type: render_page
2020-12-28 17:42:24--- INFO --- {"id":"12","student_id":"990077","tookan_id":"31225378","booking_date":"2020-12-16 11:00:00","instructor":"861268","job_id":"174297376","status":"Pending","instructor_name":"Mahalingam N","cancel":true} Type: render_pagebooking
2020-12-28 17:42:24--- INFO --- {"id":"6","instructor_id":"861268","inst_name":"Mahalingam N","latitude":"43.5413470","longitude":"-79.7166538","booking_ids":null} Type: render_page
2020-12-28 17:42:24--- INFO --- {"id":"18","student_id":"990082","tookan_id":"31358318","booking_date":"1970-01-01 12:00:00","instructor":"861268","job_id":"180280968","status":"Pending","instructor_name":"Mahalingam N","cancel":true} Type: render_pagebooking
2020-12-28 17:42:28--- INFO --- "173403458" Type: delete_booking
2020-12-28 17:42:29--- INFO --- "174297224" Type: delete_booking
2020-12-28 17:42:31--- INFO --- "174297376" Type: delete_booking
2020-12-28 17:42:32--- INFO --- "180280968" Type: delete_booking
2020-12-28 18:01:41--- INFO --- [] Type: get_student_bookings
2020-12-28 18:21:06--- INFO --- [] Type: get_student_bookings
2020-12-28 18:29:27--- INFO --- [] Type: get_student_bookings
2020-12-28 18:40:18--- INFO --- [] Type: get_student_bookings
2020-12-28 18:41:28--- INFO --- [] Type: get_student_bookings
2020-12-28 18:47:40--- INFO --- [] Type: get_student_bookings
2020-12-28 18:51:47--- INFO --- [] Type: get_student_bookings
2020-12-28 18:54:48--- INFO --- [] Type: get_student_bookings
2020-12-28 18:55:22--- INFO --- "array" Type: READ student agents
2020-12-28 18:55:24--- INFO --- {"success":true,"agent_id":"806826","job_id":180299171} Type: add_student_bookings--task
2020-12-28 18:55:24--- INFO --- {"student_id":"990085","tookan_id":"31905046","booking_date":"1970-01-01 12:00:00","booking_end":"1970-01-01 12:00:00","instructor":"806826","job_id":180299171,"status":1} Type: check data
2020-12-28 18:55:24--- INFO --- 1 Type: save_student_booking
2020-12-28 18:55:35--- INFO --- [{"id":"1","student_id":"990085","tookan_id":"31905046","booking_date":"1970-01-01 12:00:00","booking_end":"1970-01-01 12:00:00","instructor":"806826","job_id":"180299171","status":"1"}] Type: get_student_bookings
2020-12-28 18:55:58--- INFO --- [{"id":"1","student_id":"990085","tookan_id":"31905046","booking_date":"1970-01-01 12:00:00","booking_end":"1970-01-01 12:00:00","instructor":"806826","job_id":"180299171","status":"1"}] Type: get_student_bookings
2020-12-28 19:30:25--- INFO --- "array" Type: READ student agents
2020-12-28 19:30:27--- INFO --- {"success":true,"agent_id":"806826","job_id":180303850} Type: add_student_bookings--task
2020-12-28 19:30:27--- INFO --- null Type: check data
2020-12-28 19:30:27--- INFO --- 1 Type: save_student_booking
2020-12-28 19:33:18--- INFO --- [{"id":"1","student_id":"990085","tookan_id":"31905046","booking_date":"1970-01-01 12:00:00","booking_end":"1970-01-01 12:00:00","instructor":"806826","job_id":"180299171","status":"1"},{"id":"2","student_id":"990085","tookan_id":"31905046","booking_date":"1970-01-01 12:00:00","booking_end":"1970-01-01 12:00:00","instructor":"806826","job_id":"180303850","status":"1"}] Type: get_student_bookings
2020-12-28 19:34:43--- INFO --- [{"id":"1","student_id":"990085","tookan_id":"31905046","booking_date":"1970-01-01 12:00:00","booking_end":"1970-01-01 12:00:00","instructor":"806826","job_id":"180299171","status":"1"},{"id":"2","student_id":"990085","tookan_id":"31905046","booking_date":"1970-01-01 12:00:00","booking_end":"1970-01-01 12:00:00","instructor":"806826","job_id":"180303850","status":"1"}] Type: get_student_bookings
2020-12-28 19:35:13--- INFO --- "array" Type: READ student agents
2020-12-28 19:35:15--- INFO --- {"success":true,"agent_id":"806826","job_id":180304421} Type: add_student_bookings--task
2020-12-28 19:35:15--- INFO --- {"student_id":"990085","tookan_id":"31905046","booking_date":"2021-01-28 20:30 to 2021-01-28 22:00","agent_id":"806826","job_id":180304421} Type: check data
2020-12-28 19:35:15--- INFO --- 1 Type: save_student_booking
2020-12-28 19:36:33--- INFO --- "array" Type: READ student agents
2020-12-28 19:36:34--- INFO --- {"success":true,"agent_id":"806826","job_id":180304646} Type: add_student_bookings--task
2020-12-28 19:36:34--- INFO --- {"string":{"student_id":"990085","tookan_id":"31905046","booking_date":"2021-01-29 19:00 to 2021-01-29 20:30","agent_id":"806826","job_id":180304646},"dates":null} Type: check data
2020-12-28 19:36:34--- INFO --- 1 Type: save_student_booking
2020-12-28 19:37:21--- INFO --- [{"id":"1","student_id":"990085","tookan_id":"31905046","booking_date":"1970-01-01 12:00:00","booking_end":"1970-01-01 12:00:00","instructor":"806826","job_id":"180299171","status":"1"},{"id":"2","student_id":"990085","tookan_id":"31905046","booking_date":"1970-01-01 12:00:00","booking_end":"1970-01-01 12:00:00","instructor":"806826","job_id":"180303850","status":"1"},{"id":"3","student_id":"990085","tookan_id":"31905046","booking_date":"1970-01-01 12:00:00","booking_end":"1970-01-01 12:00:00","instructor":"806826","job_id":"180304421","status":"1"},{"id":"4","student_id":"990085","tookan_id":"31905046","booking_date":"1970-01-01 12:00:00","booking_end":"1970-01-01 12:00:00","instructor":"806826","job_id":"180304646","status":"1"}] Type: get_student_bookings
2020-12-28 19:37:34--- INFO --- "array" Type: READ student agents
2020-12-28 19:37:35--- INFO --- {"success":true,"agent_id":"806826","job_id":180304761} Type: add_student_bookings--task
2020-12-28 19:37:35--- INFO --- {"string":{"student_id":"990085","tookan_id":"31905046","booking_date":"2020-12-30 20:30 to 2020-12-30 22:00","agent_id":"806826","job_id":180304761},"dates":["2020-12-30 20:30","2020-12-30 22:00"]} Type: check data
2020-12-28 19:37:35--- INFO --- 1 Type: save_student_booking
2020-12-28 19:37:41--- INFO --- [{"id":"1","student_id":"990085","tookan_id":"31905046","booking_date":"1970-01-01 12:00:00","booking_end":"1970-01-01 12:00:00","instructor":"806826","job_id":"180299171","status":"1"},{"id":"2","student_id":"990085","tookan_id":"31905046","booking_date":"1970-01-01 12:00:00","booking_end":"1970-01-01 12:00:00","instructor":"806826","job_id":"180303850","status":"1"},{"id":"3","student_id":"990085","tookan_id":"31905046","booking_date":"1970-01-01 12:00:00","booking_end":"1970-01-01 12:00:00","instructor":"806826","job_id":"180304421","status":"1"},{"id":"4","student_id":"990085","tookan_id":"31905046","booking_date":"1970-01-01 12:00:00","booking_end":"1970-01-01 12:00:00","instructor":"806826","job_id":"180304646","status":"1"},{"id":"5","student_id":"990085","tookan_id":"31905046","booking_date":"2020-12-30 08:30:00","booking_end":"2020-12-30 10:00:00","instructor":"806826","job_id":"180304761","status":"1"}] Type: get_student_bookings
2020-12-28 19:37:49--- INFO --- "180304646" Type: delete_booking
2020-12-28 19:37:51--- INFO --- "180304421" Type: delete_booking
2020-12-28 19:37:52--- INFO --- "180303850" Type: delete_booking
2020-12-28 19:37:53--- INFO --- "180299171" Type: delete_booking
2020-12-28 20:00:26--- INFO --- [{"id":"5","student_id":"990085","tookan_id":"31905046","booking_date":"2020-12-30 08:30:00","booking_end":"2020-12-30 10:00:00","instructor":"806826","job_id":"180304761","status":"1"}] Type: get_student_bookings
2020-12-28 20:12:03--- INFO --- [{"id":"5","student_id":"990085","tookan_id":"31905046","booking_date":"2020-12-30 08:30:00","booking_end":"2020-12-30 10:00:00","instructor":"806826","job_id":"180304761","status":"1"}] Type: get_student_bookings
2020-12-28 20:13:03--- INFO --- "180304761" Type: delete_booking
2020-12-28 20:13:05--- INFO --- [] Type: get_student_bookings
2020-12-28 20:13:18--- INFO --- "array" Type: READ student agents
2020-12-28 20:13:20--- INFO --- {"success":true,"agent_id":"806826","job_id":180309443} Type: add_student_bookings--task
2020-12-28 20:13:20--- INFO --- 1 Type: save_student_booking
2020-12-28 20:13:26--- INFO --- [{"id":"6","student_id":"990085","tookan_id":"31905046","booking_date":"2020-12-30 17:30:00","booking_end":"2020-12-30 19:00:00","instructor":"806826","job_id":"180309443","status":"1"}] Type: get_student_bookings
2020-12-28 20:14:10--- INFO --- [{"id":"6","student_id":"990085","tookan_id":"31905046","booking_date":"2020-12-30 17:30:00","booking_end":"2020-12-30 19:00:00","instructor":"806826","job_id":"180309443","status":"1"}] Type: get_student_bookings
2020-12-28 20:14:51--- INFO --- [{"id":"6","student_id":"990085","tookan_id":"31905046","booking_date":"2020-12-30 17:30:00","booking_end":"2020-12-30 19:00:00","instructor":"806826","job_id":"180309443","status":"1"}] Type: get_student_bookings
2020-12-28 20:23:47--- INFO --- [{"id":"6","student_id":"990085","tookan_id":"31905046","booking_date":"2020-12-30 17:30:00","booking_end":"2020-12-30 19:00:00","instructor":"806826","job_id":"180309443","status":"1"}] Type: get_student_bookings
2020-12-28 20:24:19--- INFO --- [{"id":"6","student_id":"990085","tookan_id":"31905046","booking_date":"2020-12-30 17:30:00","booking_end":"2020-12-30 19:00:00","instructor":"806826","job_id":"180309443","status":"1"}] Type: get_student_bookings
2020-12-28 20:25:01--- INFO --- [{"id":"6","student_id":"990085","tookan_id":"31905046","booking_date":"2020-12-30 17:30:00","booking_end":"2020-12-30 19:00:00","instructor":"806826","job_id":"180309443","status":"1"}] Type: get_student_bookings
2020-12-28 20:28:52--- INFO --- [{"id":"6","student_id":"990085","tookan_id":"31905046","booking_date":"2020-12-30 17:30:00","booking_end":"2020-12-30 19:00:00","instructor":"806826","job_id":"180309443","status":"1"}] Type: get_student_bookings
2020-12-28 20:30:05--- INFO --- [{"id":"6","student_id":"990085","tookan_id":"31905046","booking_date":"2020-12-30 17:30:00","booking_end":"2020-12-30 19:00:00","instructor":"806826","job_id":"180309443","status":"1"}] Type: get_student_bookings
2020-12-28 20:30:52--- INFO --- [{"id":"6","student_id":"990085","tookan_id":"31905046","booking_date":"2020-12-30 17:30:00","booking_end":"2020-12-30 19:00:00","instructor":"806826","job_id":"180309443","status":"1"}] Type: get_student_bookings
2020-12-28 20:32:45--- INFO --- [{"id":"6","student_id":"990085","tookan_id":"31905046","booking_date":"2020-12-30 17:30:00","booking_end":"2020-12-30 19:00:00","instructor":"806826","job_id":"180309443","status":"1"}] Type: get_student_bookings
2020-12-28 20:33:12--- INFO --- [{"id":"6","student_id":"990085","tookan_id":"31905046","booking_date":"2020-12-30 17:30:00","booking_end":"2020-12-30 19:00:00","instructor":"806826","job_id":"180309443","status":"1"}] Type: get_student_bookings
2020-12-28 20:33:54--- INFO --- [{"id":"6","student_id":"990085","tookan_id":"31905046","booking_date":"2020-12-30 17:30:00","booking_end":"2020-12-30 19:00:00","instructor":"806826","job_id":"180309443","status":"1"}] Type: get_student_bookings
2020-12-28 20:41:02--- INFO --- [{"id":"6","student_id":"990085","tookan_id":"31905046","booking_date":"2020-12-30 17:30:00","booking_end":"2020-12-30 19:00:00","instructor":"806826","job_id":"180309443","status":"1"}] Type: get_student_bookings
2020-12-28 20:41:57--- INFO --- [{"id":"6","student_id":"990085","tookan_id":"31905046","booking_date":"2020-12-30 17:30:00","booking_end":"2020-12-30 19:00:00","instructor":"806826","job_id":"180309443","status":"1"}] Type: get_student_bookings
2020-12-28 20:43:53--- INFO --- [{"id":"6","student_id":"990085","tookan_id":"31905046","booking_date":"2020-12-30 17:30:00","booking_end":"2020-12-30 19:00:00","instructor":"806826","job_id":"180309443","status":"1"}] Type: get_student_bookings
2020-12-28 20:44:49--- INFO --- [{"id":"6","student_id":"990085","tookan_id":"31905046","booking_date":"2020-12-30 17:30:00","booking_end":"2020-12-30 19:00:00","instructor":"806826","job_id":"180309443","status":"1"}] Type: get_student_bookings
2020-12-28 20:45:58--- INFO --- [{"id":"6","student_id":"990085","tookan_id":"31905046","booking_date":"2020-12-30 17:30:00","booking_end":"2020-12-30 19:00:00","instructor":"806826","job_id":"180309443","status":"1"}] Type: get_student_bookings
2020-12-28 20:46:11--- INFO --- [{"id":"6","student_id":"990085","tookan_id":"31905046","booking_date":"2020-12-30 17:30:00","booking_end":"2020-12-30 19:00:00","instructor":"806826","job_id":"180309443","status":"1"}] Type: get_student_bookings
2020-12-28 20:46:42--- INFO --- [{"id":"6","student_id":"990085","tookan_id":"31905046","booking_date":"2020-12-30 17:30:00","booking_end":"2020-12-30 19:00:00","instructor":"806826","job_id":"180309443","status":"1"}] Type: get_student_bookings
2020-12-28 20:47:07--- INFO --- "array" Type: READ student agents
2020-12-28 20:47:09--- INFO --- {"success":true,"agent_id":"806826","job_id":180314353} Type: add_student_bookings--task
2020-12-28 20:47:09--- INFO --- 1 Type: save_student_booking
2020-12-28 20:47:36--- INFO --- [{"id":"6","student_id":"990085","tookan_id":"31905046","booking_date":"2020-12-30 17:30:00","booking_end":"2020-12-30 19:00:00","instructor":"806826","job_id":"180309443","status":"1"},{"id":"7","student_id":"990085","tookan_id":"31905046","booking_date":"2021-01-01 19:00:00","booking_end":"2021-01-01 20:30:00","instructor":"806826","job_id":"180314353","status":"1"}] Type: get_student_bookings
2020-12-28 20:49:41--- INFO --- [{"id":"6","student_id":"990085","tookan_id":"31905046","booking_date":"2020-12-30 17:30:00","booking_end":"2020-12-30 19:00:00","instructor":"806826","job_id":"180309443","status":"1"},{"id":"7","student_id":"990085","tookan_id":"31905046","booking_date":"2021-01-01 19:00:00","booking_end":"2021-01-01 20:30:00","instructor":"806826","job_id":"180314353","status":"1"}] Type: get_student_bookings
2020-12-28 20:52:37--- INFO --- [{"id":"6","student_id":"990085","tookan_id":"31905046","booking_date":"2020-12-30 17:30:00","booking_end":"2020-12-30 19:00:00","instructor":"806826","job_id":"180309443","status":"1"},{"id":"7","student_id":"990085","tookan_id":"31905046","booking_date":"2021-01-01 19:00:00","booking_end":"2021-01-01 20:30:00","instructor":"806826","job_id":"180314353","status":"1"}] Type: get_student_bookings
2020-12-28 20:54:45--- INFO --- [{"id":"6","student_id":"990085","tookan_id":"31905046","booking_date":"2020-12-30 17:30:00","booking_end":"2020-12-30 19:00:00","instructor":"806826","job_id":"180309443","status":"1"},{"id":"7","student_id":"990085","tookan_id":"31905046","booking_date":"2021-01-01 19:00:00","booking_end":"2021-01-01 20:30:00","instructor":"806826","job_id":"180314353","status":"1"}] Type: get_student_bookings
2020-12-28 20:56:38--- INFO --- [{"id":"6","student_id":"990085","tookan_id":"31905046","booking_date":"2020-12-30 17:30:00","booking_end":"2020-12-30 19:00:00","instructor":"806826","job_id":"180309443","status":"1"},{"id":"7","student_id":"990085","tookan_id":"31905046","booking_date":"2021-01-01 19:00:00","booking_end":"2021-01-01 20:30:00","instructor":"806826","job_id":"180314353","status":"1"}] Type: get_student_bookings
2020-12-28 20:56:56--- INFO --- [{"id":"6","student_id":"990085","tookan_id":"31905046","booking_date":"2020-12-30 17:30:00","booking_end":"2020-12-30 19:00:00","instructor":"806826","job_id":"180309443","status":"1"},{"id":"7","student_id":"990085","tookan_id":"31905046","booking_date":"2021-01-01 19:00:00","booking_end":"2021-01-01 20:30:00","instructor":"806826","job_id":"180314353","status":"1"}] Type: get_student_bookings
2020-12-28 20:58:10--- INFO --- [{"id":"6","student_id":"990085","tookan_id":"31905046","booking_date":"2020-12-30 17:30:00","booking_end":"2020-12-30 19:00:00","instructor":"806826","job_id":"180309443","status":"1"},{"id":"7","student_id":"990085","tookan_id":"31905046","booking_date":"2021-01-01 19:00:00","booking_end":"2021-01-01 20:30:00","instructor":"806826","job_id":"180314353","status":"1"}] Type: get_student_bookings
2020-12-28 21:00:12--- INFO --- [{"id":"6","student_id":"990085","tookan_id":"31905046","booking_date":"2020-12-30 17:30:00","booking_end":"2020-12-30 19:00:00","instructor":"806826","job_id":"180309443","status":"1"},{"id":"7","student_id":"990085","tookan_id":"31905046","booking_date":"2021-01-01 19:00:00","booking_end":"2021-01-01 20:30:00","instructor":"806826","job_id":"180314353","status":"1"}] Type: get_student_bookings
2020-12-28 21:00:34--- INFO --- [{"id":"6","student_id":"990085","tookan_id":"31905046","booking_date":"2020-12-30 17:30:00","booking_end":"2020-12-30 19:00:00","instructor":"806826","job_id":"180309443","status":"1"},{"id":"7","student_id":"990085","tookan_id":"31905046","booking_date":"2021-01-01 19:00:00","booking_end":"2021-01-01 20:30:00","instructor":"806826","job_id":"180314353","status":"1"}] Type: get_student_bookings
2021-01-03 22:32:47--- INFO --- [{"id":"6","student_id":"990085","tookan_id":"31905046","booking_date":"2020-12-30 17:30:00","booking_end":"2020-12-30 19:00:00","instructor":"806826","job_id":"180309443","status":"1"},{"id":"7","student_id":"990085","tookan_id":"31905046","booking_date":"2021-01-01 19:00:00","booking_end":"2021-01-01 20:30:00","instructor":"806826","job_id":"180314353","status":"1"}] Type: get_student_bookings
2021-01-03 22:32:59--- INFO --- [{"id":"6","student_id":"990085","tookan_id":"31905046","booking_date":"2020-12-30 17:30:00","booking_end":"2020-12-30 19:00:00","instructor":"806826","job_id":"180309443","status":"1"},{"id":"7","student_id":"990085","tookan_id":"31905046","booking_date":"2021-01-01 19:00:00","booking_end":"2021-01-01 20:30:00","instructor":"806826","job_id":"180314353","status":"1"}] Type: get_student_bookings
2021-01-03 22:33:49--- INFO --- "array" Type: READ student agents
2021-01-03 22:33:51--- INFO --- {"success":true,"agent_id":"806826","job_id":182744862} Type: add_student_bookings--task
2021-01-03 22:33:51--- INFO --- 1 Type: save_student_booking
2021-01-03 22:34:15--- INFO --- [{"id":"6","student_id":"990085","tookan_id":"31905046","booking_date":"2020-12-30 17:30:00","booking_end":"2020-12-30 19:00:00","instructor":"806826","job_id":"180309443","status":"1"},{"id":"7","student_id":"990085","tookan_id":"31905046","booking_date":"2021-01-01 19:00:00","booking_end":"2021-01-01 20:30:00","instructor":"806826","job_id":"180314353","status":"1"},{"id":"8","student_id":"990085","tookan_id":"31905046","booking_date":"2021-01-04 18:00:00","booking_end":"2021-01-04 19:30:00","instructor":"806826","job_id":"182744862","status":"1"}] Type: get_student_bookings
2021-01-03 23:09:45--- INFO --- [{"id":"6","student_id":"990085","tookan_id":"31905046","booking_date":"2020-12-30 17:30:00","booking_end":"2020-12-30 19:00:00","instructor":"806826","job_id":"180309443","status":"1"},{"id":"7","student_id":"990085","tookan_id":"31905046","booking_date":"2021-01-01 19:00:00","booking_end":"2021-01-01 20:30:00","instructor":"806826","job_id":"180314353","status":"1"},{"id":"8","student_id":"990085","tookan_id":"31905046","booking_date":"2021-01-04 18:00:00","booking_end":"2021-01-04 19:30:00","instructor":"806826","job_id":"182744862","status":"1"}] Type: get_student_bookings
2021-01-03 23:13:35--- INFO --- [{"id":"6","student_id":"990085","tookan_id":"31905046","booking_date":"2020-12-30 17:30:00","booking_end":"2020-12-30 19:00:00","instructor":"806826","job_id":"180309443","status":"1"},{"id":"7","student_id":"990085","tookan_id":"31905046","booking_date":"2021-01-01 19:00:00","booking_end":"2021-01-01 20:30:00","instructor":"806826","job_id":"180314353","status":"1"},{"id":"8","student_id":"990085","tookan_id":"31905046","booking_date":"2021-01-04 18:00:00","booking_end":"2021-01-04 19:30:00","instructor":"806826","job_id":"182744862","status":"1"}] Type: get_student_bookings
2021-01-03 23:13:51--- INFO --- "array" Type: READ student agents
2021-01-03 23:13:53--- INFO --- {"success":true,"agent_id":"806826","job_id":182748608} Type: add_student_bookings--task
2021-01-03 23:13:53--- INFO --- 1 Type: save_student_booking
2021-01-03 23:14:00--- INFO --- [{"id":"6","student_id":"990085","tookan_id":"31905046","booking_date":"2020-12-30 17:30:00","booking_end":"2020-12-30 19:00:00","instructor":"806826","job_id":"180309443","status":"1"},{"id":"7","student_id":"990085","tookan_id":"31905046","booking_date":"2021-01-01 19:00:00","booking_end":"2021-01-01 20:30:00","instructor":"806826","job_id":"180314353","status":"1"},{"id":"8","student_id":"990085","tookan_id":"31905046","booking_date":"2021-01-04 18:00:00","booking_end":"2021-01-04 19:30:00","instructor":"806826","job_id":"182744862","status":"1"},{"id":"9","student_id":"990085","tookan_id":"31905046","booking_date":"2021-01-07 19:00:00","booking_end":"2021-01-07 20:30:00","instructor":"806826","job_id":"182748608","status":"1"}] Type: get_student_bookings
2021-01-03 23:22:10--- INFO --- [{"id":"6","student_id":"990085","tookan_id":"31905046","booking_date":"2020-12-30 17:30:00","booking_end":"2020-12-30 19:00:00","instructor":"806826","job_id":"180309443","status":"1"},{"id":"7","student_id":"990085","tookan_id":"31905046","booking_date":"2021-01-01 19:00:00","booking_end":"2021-01-01 20:30:00","instructor":"806826","job_id":"180314353","status":"1"},{"id":"8","student_id":"990085","tookan_id":"31905046","booking_date":"2021-01-04 18:00:00","booking_end":"2021-01-04 19:30:00","instructor":"806826","job_id":"182744862","status":"1"},{"id":"9","student_id":"990085","tookan_id":"31905046","booking_date":"2021-01-07 19:00:00","booking_end":"2021-01-07 20:30:00","instructor":"806826","job_id":"182748608","status":"1"}] Type: get_student_bookings
2021-01-03 23:30:02--- INFO --- [{"id":"6","student_id":"990085","tookan_id":"31905046","booking_date":"2020-12-30 17:30:00","booking_end":"2020-12-30 19:00:00","instructor":"806826","job_id":"180309443","status":"1"},{"id":"7","student_id":"990085","tookan_id":"31905046","booking_date":"2021-01-01 19:00:00","booking_end":"2021-01-01 20:30:00","instructor":"806826","job_id":"180314353","status":"1"},{"id":"8","student_id":"990085","tookan_id":"31905046","booking_date":"2021-01-04 18:00:00","booking_end":"2021-01-04 19:30:00","instructor":"806826","job_id":"182744862","status":"1"},{"id":"9","student_id":"990085","tookan_id":"31905046","booking_date":"2021-01-07 19:00:00","booking_end":"2021-01-07 20:30:00","instructor":"806826","job_id":"182748608","status":"1"}] Type: get_student_bookings
2021-01-03 23:31:13--- INFO --- [{"id":"6","student_id":"990085","tookan_id":"31905046","booking_date":"2020-12-30 17:30:00","booking_end":"2020-12-30 19:00:00","instructor":"806826","job_id":"180309443","status":"1"},{"id":"7","student_id":"990085","tookan_id":"31905046","booking_date":"2021-01-01 19:00:00","booking_end":"2021-01-01 20:30:00","instructor":"806826","job_id":"180314353","status":"1"},{"id":"8","student_id":"990085","tookan_id":"31905046","booking_date":"2021-01-04 18:00:00","booking_end":"2021-01-04 19:30:00","instructor":"806826","job_id":"182744862","status":"1"},{"id":"9","student_id":"990085","tookan_id":"31905046","booking_date":"2021-01-07 19:00:00","booking_end":"2021-01-07 20:30:00","instructor":"806826","job_id":"182748608","status":"1"}] Type: get_student_bookings
2021-01-03 23:32:09--- INFO --- [{"id":"6","student_id":"990085","tookan_id":"31905046","booking_date":"2020-12-30 17:30:00","booking_end":"2020-12-30 19:00:00","instructor":"806826","job_id":"180309443","status":"1"},{"id":"7","student_id":"990085","tookan_id":"31905046","booking_date":"2021-01-01 19:00:00","booking_end":"2021-01-01 20:30:00","instructor":"806826","job_id":"180314353","status":"1"},{"id":"8","student_id":"990085","tookan_id":"31905046","booking_date":"2021-01-04 18:00:00","booking_end":"2021-01-04 19:30:00","instructor":"806826","job_id":"182744862","status":"1"},{"id":"9","student_id":"990085","tookan_id":"31905046","booking_date":"2021-01-07 19:00:00","booking_end":"2021-01-07 20:30:00","instructor":"806826","job_id":"182748608","status":"1"}] Type: get_student_bookings
2021-01-03 23:32:42--- INFO --- [{"id":"6","student_id":"990085","tookan_id":"31905046","booking_date":"2020-12-30 17:30:00","booking_end":"2020-12-30 19:00:00","instructor":"806826","job_id":"180309443","status":"1"},{"id":"7","student_id":"990085","tookan_id":"31905046","booking_date":"2021-01-01 19:00:00","booking_end":"2021-01-01 20:30:00","instructor":"806826","job_id":"180314353","status":"1"},{"id":"8","student_id":"990085","tookan_id":"31905046","booking_date":"2021-01-04 18:00:00","booking_end":"2021-01-04 19:30:00","instructor":"806826","job_id":"182744862","status":"1"},{"id":"9","student_id":"990085","tookan_id":"31905046","booking_date":"2021-01-07 19:00:00","booking_end":"2021-01-07 20:30:00","instructor":"806826","job_id":"182748608","status":"1"}] Type: get_student_bookings
2021-01-03 23:33:25--- INFO --- [{"id":"6","student_id":"990085","tookan_id":"31905046","booking_date":"2020-12-30 17:30:00","booking_end":"2020-12-30 19:00:00","instructor":"806826","job_id":"180309443","status":"1"},{"id":"7","student_id":"990085","tookan_id":"31905046","booking_date":"2021-01-01 19:00:00","booking_end":"2021-01-01 20:30:00","instructor":"806826","job_id":"180314353","status":"1"},{"id":"8","student_id":"990085","tookan_id":"31905046","booking_date":"2021-01-04 18:00:00","booking_end":"2021-01-04 19:30:00","instructor":"806826","job_id":"182744862","status":"1"},{"id":"9","student_id":"990085","tookan_id":"31905046","booking_date":"2021-01-07 19:00:00","booking_end":"2021-01-07 20:30:00","instructor":"806826","job_id":"182748608","status":"1"}] Type: get_student_bookings
2021-01-04 02:20:23--- INFO --- [{"id":"6","student_id":"990085","tookan_id":"31905046","booking_date":"2020-12-30 17:30:00","booking_end":"2020-12-30 19:00:00","instructor":"806826","job_id":"180309443","status":"1"},{"id":"7","student_id":"990085","tookan_id":"31905046","booking_date":"2021-01-01 19:00:00","booking_end":"2021-01-01 20:30:00","instructor":"806826","job_id":"180314353","status":"1"},{"id":"8","student_id":"990085","tookan_id":"31905046","booking_date":"2021-01-04 18:00:00","booking_end":"2021-01-04 19:30:00","instructor":"806826","job_id":"182744862","status":"1"},{"id":"9","student_id":"990085","tookan_id":"31905046","booking_date":"2021-01-07 19:00:00","booking_end":"2021-01-07 20:30:00","instructor":"806826","job_id":"182748608","status":"1"}] Type: get_student_bookings
2021-01-05 01:36:41--- INFO --- [{"id":"6","student_id":"990085","tookan_id":"31905046","booking_date":"2020-12-30 17:30:00","booking_end":"2020-12-30 19:00:00","instructor":"806826","job_id":"180309443","status":"1"},{"id":"7","student_id":"990085","tookan_id":"31905046","booking_date":"2021-01-01 19:00:00","booking_end":"2021-01-01 20:30:00","instructor":"806826","job_id":"180314353","status":"1"},{"id":"8","student_id":"990085","tookan_id":"31905046","booking_date":"2021-01-04 18:00:00","booking_end":"2021-01-04 19:30:00","instructor":"806826","job_id":"182744862","status":"1"},{"id":"9","student_id":"990085","tookan_id":"31905046","booking_date":"2021-01-07 19:00:00","booking_end":"2021-01-07 20:30:00","instructor":"806826","job_id":"182748608","status":"1"}] Type: get_student_bookings
2021-01-05 01:42:16--- INFO --- [{"id":"6","student_id":"990085","tookan_id":"31905046","booking_date":"2020-12-30 17:30:00","booking_end":"2020-12-30 19:00:00","instructor":"806826","job_id":"180309443","status":"1"},{"id":"7","student_id":"990085","tookan_id":"31905046","booking_date":"2021-01-01 19:00:00","booking_end":"2021-01-01 20:30:00","instructor":"806826","job_id":"180314353","status":"1"},{"id":"8","student_id":"990085","tookan_id":"31905046","booking_date":"2021-01-04 18:00:00","booking_end":"2021-01-04 19:30:00","instructor":"806826","job_id":"182744862","status":"1"},{"id":"9","student_id":"990085","tookan_id":"31905046","booking_date":"2021-01-07 19:00:00","booking_end":"2021-01-07 20:30:00","instructor":"806826","job_id":"182748608","status":"1"}] Type: get_student_bookings
2021-01-05 01:49:39--- INFO --- [{"id":"6","student_id":"990085","tookan_id":"31905046","booking_date":"2020-12-30 17:30:00","booking_end":"2020-12-30 19:00:00","instructor":"806826","job_id":"180309443","status":"1"},{"id":"7","student_id":"990085","tookan_id":"31905046","booking_date":"2021-01-01 19:00:00","booking_end":"2021-01-01 20:30:00","instructor":"806826","job_id":"180314353","status":"1"},{"id":"8","student_id":"990085","tookan_id":"31905046","booking_date":"2021-01-04 18:00:00","booking_end":"2021-01-04 19:30:00","instructor":"806826","job_id":"182744862","status":"1"},{"id":"9","student_id":"990085","tookan_id":"31905046","booking_date":"2021-01-07 19:00:00","booking_end":"2021-01-07 20:30:00","instructor":"806826","job_id":"182748608","status":"1"}] Type: get_student_bookings
2021-01-05 01:50:47--- INFO --- [{"id":"6","student_id":"990085","tookan_id":"31905046","booking_date":"2020-12-30 17:30:00","booking_end":"2020-12-30 19:00:00","instructor":"806826","job_id":"180309443","status":"1"},{"id":"7","student_id":"990085","tookan_id":"31905046","booking_date":"2021-01-01 19:00:00","booking_end":"2021-01-01 20:30:00","instructor":"806826","job_id":"180314353","status":"1"},{"id":"8","student_id":"990085","tookan_id":"31905046","booking_date":"2021-01-04 18:00:00","booking_end":"2021-01-04 19:30:00","instructor":"806826","job_id":"182744862","status":"1"},{"id":"9","student_id":"990085","tookan_id":"31905046","booking_date":"2021-01-07 19:00:00","booking_end":"2021-01-07 20:30:00","instructor":"806826","job_id":"182748608","status":"1"}] Type: get_student_bookings
2021-01-05 02:04:00--- INFO --- [{"id":"6","student_id":"990085","tookan_id":"31905046","booking_date":"2020-12-30 17:30:00","booking_end":"2020-12-30 19:00:00","instructor":"806826","job_id":"180309443","status":"1"},{"id":"7","student_id":"990085","tookan_id":"31905046","booking_date":"2021-01-01 19:00:00","booking_end":"2021-01-01 20:30:00","instructor":"806826","job_id":"180314353","status":"1"},{"id":"8","student_id":"990085","tookan_id":"31905046","booking_date":"2021-01-04 18:00:00","booking_end":"2021-01-04 19:30:00","instructor":"806826","job_id":"182744862","status":"1"},{"id":"9","student_id":"990085","tookan_id":"31905046","booking_date":"2021-01-07 19:00:00","booking_end":"2021-01-07 20:30:00","instructor":"806826","job_id":"182748608","status":"1"}] Type: get_student_bookings
2021-01-05 03:32:52--- INFO --- [{"id":"6","student_id":"990085","tookan_id":"31905046","booking_date":"2020-12-30 17:30:00","booking_end":"2020-12-30 19:00:00","instructor":"806826","job_id":"180309443","status":"1"},{"id":"7","student_id":"990085","tookan_id":"31905046","booking_date":"2021-01-01 19:00:00","booking_end":"2021-01-01 20:30:00","instructor":"806826","job_id":"180314353","status":"1"},{"id":"8","student_id":"990085","tookan_id":"31905046","booking_date":"2021-01-04 18:00:00","booking_end":"2021-01-04 19:30:00","instructor":"806826","job_id":"182744862","status":"1"},{"id":"9","student_id":"990085","tookan_id":"31905046","booking_date":"2021-01-07 19:00:00","booking_end":"2021-01-07 20:30:00","instructor":"806826","job_id":"182748608","status":"1"}] Type: get_student_bookings
2021-01-05 03:33:10--- INFO --- [{"id":"6","student_id":"990085","tookan_id":"31905046","booking_date":"2020-12-30 17:30:00","booking_end":"2020-12-30 19:00:00","instructor":"806826","job_id":"180309443","status":"1"},{"id":"7","student_id":"990085","tookan_id":"31905046","booking_date":"2021-01-01 19:00:00","booking_end":"2021-01-01 20:30:00","instructor":"806826","job_id":"180314353","status":"1"},{"id":"8","student_id":"990085","tookan_id":"31905046","booking_date":"2021-01-04 18:00:00","booking_end":"2021-01-04 19:30:00","instructor":"806826","job_id":"182744862","status":"1"},{"id":"9","student_id":"990085","tookan_id":"31905046","booking_date":"2021-01-07 19:00:00","booking_end":"2021-01-07 20:30:00","instructor":"806826","job_id":"182748608","status":"1"}] Type: get_student_bookings
2021-01-05 03:34:39--- INFO --- [{"id":"6","student_id":"990085","tookan_id":"31905046","booking_date":"2020-12-30 17:30:00","booking_end":"2020-12-30 19:00:00","instructor":"806826","job_id":"180309443","status":"1"},{"id":"7","student_id":"990085","tookan_id":"31905046","booking_date":"2021-01-01 19:00:00","booking_end":"2021-01-01 20:30:00","instructor":"806826","job_id":"180314353","status":"1"},{"id":"8","student_id":"990085","tookan_id":"31905046","booking_date":"2021-01-04 18:00:00","booking_end":"2021-01-04 19:30:00","instructor":"806826","job_id":"182744862","status":"1"},{"id":"9","student_id":"990085","tookan_id":"31905046","booking_date":"2021-01-07 19:00:00","booking_end":"2021-01-07 20:30:00","instructor":"806826","job_id":"182748608","status":"1"}] Type: get_student_bookings
2021-01-05 03:36:39--- INFO --- [{"id":"6","student_id":"990085","tookan_id":"31905046","booking_date":"2020-12-30 17:30:00","booking_end":"2020-12-30 19:00:00","instructor":"806826","job_id":"180309443","status":"1"},{"id":"7","student_id":"990085","tookan_id":"31905046","booking_date":"2021-01-01 19:00:00","booking_end":"2021-01-01 20:30:00","instructor":"806826","job_id":"180314353","status":"1"},{"id":"8","student_id":"990085","tookan_id":"31905046","booking_date":"2021-01-04 18:00:00","booking_end":"2021-01-04 19:30:00","instructor":"806826","job_id":"182744862","status":"1"},{"id":"9","student_id":"990085","tookan_id":"31905046","booking_date":"2021-01-07 19:00:00","booking_end":"2021-01-07 20:30:00","instructor":"806826","job_id":"182748608","status":"1"}] Type: get_student_bookings
2021-01-05 03:44:38--- INFO --- [{"id":"6","student_id":"990085","tookan_id":"31905046","booking_date":"2020-12-30 17:30:00","booking_end":"2020-12-30 19:00:00","instructor":"806826","job_id":"180309443","status":"1"},{"id":"7","student_id":"990085","tookan_id":"31905046","booking_date":"2021-01-01 19:00:00","booking_end":"2021-01-01 20:30:00","instructor":"806826","job_id":"180314353","status":"1"},{"id":"8","student_id":"990085","tookan_id":"31905046","booking_date":"2021-01-04 18:00:00","booking_end":"2021-01-04 19:30:00","instructor":"806826","job_id":"182744862","status":"1"},{"id":"9","student_id":"990085","tookan_id":"31905046","booking_date":"2021-01-07 19:00:00","booking_end":"2021-01-07 20:30:00","instructor":"806826","job_id":"182748608","status":"1"}] Type: get_student_bookings
2021-01-06 01:42:51--- INFO --- [{"id":"6","student_id":"990085","tookan_id":"31905046","booking_date":"2020-12-30 17:30:00","booking_end":"2020-12-30 19:00:00","instructor":"806826","job_id":"180309443","status":"1"},{"id":"7","student_id":"990085","tookan_id":"31905046","booking_date":"2021-01-01 19:00:00","booking_end":"2021-01-01 20:30:00","instructor":"806826","job_id":"180314353","status":"1"},{"id":"8","student_id":"990085","tookan_id":"31905046","booking_date":"2021-01-04 18:00:00","booking_end":"2021-01-04 19:30:00","instructor":"806826","job_id":"182744862","status":"1"},{"id":"9","student_id":"990085","tookan_id":"31905046","booking_date":"2021-01-07 19:00:00","booking_end":"2021-01-07 20:30:00","instructor":"806826","job_id":"182748608","status":"1"}] Type: get_student_bookings
2021-01-06 01:43:36--- INFO --- [{"id":"6","student_id":"990085","tookan_id":"31905046","booking_date":"2020-12-30 17:30:00","booking_end":"2020-12-30 19:00:00","instructor":"806826","job_id":"180309443","status":"1"},{"id":"7","student_id":"990085","tookan_id":"31905046","booking_date":"2021-01-01 19:00:00","booking_end":"2021-01-01 20:30:00","instructor":"806826","job_id":"180314353","status":"1"},{"id":"8","student_id":"990085","tookan_id":"31905046","booking_date":"2021-01-04 18:00:00","booking_end":"2021-01-04 19:30:00","instructor":"806826","job_id":"182744862","status":"1"},{"id":"9","student_id":"990085","tookan_id":"31905046","booking_date":"2021-01-07 19:00:00","booking_end":"2021-01-07 20:30:00","instructor":"806826","job_id":"182748608","status":"1"}] Type: get_student_bookings
2021-01-06 01:48:41--- INFO --- [{"id":"6","student_id":"990085","tookan_id":"31905046","booking_date":"2020-12-30 17:30:00","booking_end":"2020-12-30 19:00:00","instructor":"806826","job_id":"180309443","status":"1"},{"id":"7","student_id":"990085","tookan_id":"31905046","booking_date":"2021-01-01 19:00:00","booking_end":"2021-01-01 20:30:00","instructor":"806826","job_id":"180314353","status":"1"},{"id":"8","student_id":"990085","tookan_id":"31905046","booking_date":"2021-01-04 18:00:00","booking_end":"2021-01-04 19:30:00","instructor":"806826","job_id":"182744862","status":"1"},{"id":"9","student_id":"990085","tookan_id":"31905046","booking_date":"2021-01-07 19:00:00","booking_end":"2021-01-07 20:30:00","instructor":"806826","job_id":"182748608","status":"1"}] Type: get_student_bookings
2021-01-06 01:49:41--- INFO --- [{"id":"6","student_id":"990085","tookan_id":"31905046","booking_date":"2020-12-30 17:30:00","booking_end":"2020-12-30 19:00:00","instructor":"806826","job_id":"180309443","status":"1"},{"id":"7","student_id":"990085","tookan_id":"31905046","booking_date":"2021-01-01 19:00:00","booking_end":"2021-01-01 20:30:00","instructor":"806826","job_id":"180314353","status":"1"},{"id":"8","student_id":"990085","tookan_id":"31905046","booking_date":"2021-01-04 18:00:00","booking_end":"2021-01-04 19:30:00","instructor":"806826","job_id":"182744862","status":"1"},{"id":"9","student_id":"990085","tookan_id":"31905046","booking_date":"2021-01-07 19:00:00","booking_end":"2021-01-07 20:30:00","instructor":"806826","job_id":"182748608","status":"1"}] Type: get_student_bookings
2021-01-06 01:52:07--- INFO --- [{"id":"6","student_id":"990085","tookan_id":"31905046","booking_date":"2020-12-30 17:30:00","booking_end":"2020-12-30 19:00:00","instructor":"806826","job_id":"180309443","status":"1"},{"id":"7","student_id":"990085","tookan_id":"31905046","booking_date":"2021-01-01 19:00:00","booking_end":"2021-01-01 20:30:00","instructor":"806826","job_id":"180314353","status":"1"},{"id":"8","student_id":"990085","tookan_id":"31905046","booking_date":"2021-01-04 18:00:00","booking_end":"2021-01-04 19:30:00","instructor":"806826","job_id":"182744862","status":"1"},{"id":"9","student_id":"990085","tookan_id":"31905046","booking_date":"2021-01-07 19:00:00","booking_end":"2021-01-07 20:30:00","instructor":"806826","job_id":"182748608","status":"1"}] Type: get_student_bookings
2021-01-06 01:55:30--- INFO --- [{"id":"6","student_id":"990085","tookan_id":"31905046","booking_date":"2020-12-30 17:30:00","booking_end":"2020-12-30 19:00:00","instructor":"806826","job_id":"180309443","status":"1"},{"id":"7","student_id":"990085","tookan_id":"31905046","booking_date":"2021-01-01 19:00:00","booking_end":"2021-01-01 20:30:00","instructor":"806826","job_id":"180314353","status":"1"},{"id":"8","student_id":"990085","tookan_id":"31905046","booking_date":"2021-01-04 18:00:00","booking_end":"2021-01-04 19:30:00","instructor":"806826","job_id":"182744862","status":"1"},{"id":"9","student_id":"990085","tookan_id":"31905046","booking_date":"2021-01-07 19:00:00","booking_end":"2021-01-07 20:30:00","instructor":"806826","job_id":"182748608","status":"1"}] Type: get_student_bookings
2021-01-06 23:46:17--- INFO --- [{"id":"6","student_id":"990085","tookan_id":"31905046","booking_date":"2020-12-30 17:30:00","booking_end":"2020-12-30 19:00:00","instructor":"806826","job_id":"180309443","status":"1"},{"id":"7","student_id":"990085","tookan_id":"31905046","booking_date":"2021-01-01 19:00:00","booking_end":"2021-01-01 20:30:00","instructor":"806826","job_id":"180314353","status":"1"},{"id":"8","student_id":"990085","tookan_id":"31905046","booking_date":"2021-01-04 18:00:00","booking_end":"2021-01-04 19:30:00","instructor":"806826","job_id":"182744862","status":"1"},{"id":"9","student_id":"990085","tookan_id":"31905046","booking_date":"2021-01-07 19:00:00","booking_end":"2021-01-07 20:30:00","instructor":"806826","job_id":"182748608","status":"1"}] Type: get_student_bookings
2021-01-07 02:16:25--- INFO --- [] Type: get_student_bookings
2021-01-08 00:02:08--- INFO --- [{"id":"6","student_id":"990085","tookan_id":"31905046","booking_date":"2020-12-30 17:30:00","booking_end":"2020-12-30 19:00:00","instructor":"806826","job_id":"180309443","status":"1"},{"id":"7","student_id":"990085","tookan_id":"31905046","booking_date":"2021-01-01 19:00:00","booking_end":"2021-01-01 20:30:00","instructor":"806826","job_id":"180314353","status":"1"},{"id":"8","student_id":"990085","tookan_id":"31905046","booking_date":"2021-01-04 18:00:00","booking_end":"2021-01-04 19:30:00","instructor":"806826","job_id":"182744862","status":"1"},{"id":"9","student_id":"990085","tookan_id":"31905046","booking_date":"2021-01-07 19:00:00","booking_end":"2021-01-07 20:30:00","instructor":"806826","job_id":"182748608","status":"1"}] Type: get_student_bookings
2021-01-08 00:02:20--- INFO --- [{"id":"6","student_id":"990085","tookan_id":"31905046","booking_date":"2020-12-30 17:30:00","booking_end":"2020-12-30 19:00:00","instructor":"806826","job_id":"180309443","status":"1"},{"id":"7","student_id":"990085","tookan_id":"31905046","booking_date":"2021-01-01 19:00:00","booking_end":"2021-01-01 20:30:00","instructor":"806826","job_id":"180314353","status":"1"},{"id":"8","student_id":"990085","tookan_id":"31905046","booking_date":"2021-01-04 18:00:00","booking_end":"2021-01-04 19:30:00","instructor":"806826","job_id":"182744862","status":"1"},{"id":"9","student_id":"990085","tookan_id":"31905046","booking_date":"2021-01-07 19:00:00","booking_end":"2021-01-07 20:30:00","instructor":"806826","job_id":"182748608","status":"1"}] Type: get_student_bookings
2021-01-08 00:05:08--- INFO --- [{"id":"6","student_id":"990085","tookan_id":"31905046","booking_date":"2020-12-30 17:30:00","booking_end":"2020-12-30 19:00:00","instructor":"806826","job_id":"180309443","status":"1"},{"id":"7","student_id":"990085","tookan_id":"31905046","booking_date":"2021-01-01 19:00:00","booking_end":"2021-01-01 20:30:00","instructor":"806826","job_id":"180314353","status":"1"},{"id":"8","student_id":"990085","tookan_id":"31905046","booking_date":"2021-01-04 18:00:00","booking_end":"2021-01-04 19:30:00","instructor":"806826","job_id":"182744862","status":"1"},{"id":"9","student_id":"990085","tookan_id":"31905046","booking_date":"2021-01-07 19:00:00","booking_end":"2021-01-07 20:30:00","instructor":"806826","job_id":"182748608","status":"1"}] Type: get_student_bookings
2021-01-08 00:06:14--- INFO --- [{"id":"6","student_id":"990085","tookan_id":"31905046","booking_date":"2020-12-30 17:30:00","booking_end":"2020-12-30 19:00:00","instructor":"806826","job_id":"180309443","status":"1"},{"id":"7","student_id":"990085","tookan_id":"31905046","booking_date":"2021-01-01 19:00:00","booking_end":"2021-01-01 20:30:00","instructor":"806826","job_id":"180314353","status":"1"},{"id":"8","student_id":"990085","tookan_id":"31905046","booking_date":"2021-01-04 18:00:00","booking_end":"2021-01-04 19:30:00","instructor":"806826","job_id":"182744862","status":"1"},{"id":"9","student_id":"990085","tookan_id":"31905046","booking_date":"2021-01-07 19:00:00","booking_end":"2021-01-07 20:30:00","instructor":"806826","job_id":"182748608","status":"1"}] Type: get_student_bookings
2021-01-08 00:07:45--- INFO --- [{"id":"6","student_id":"990085","tookan_id":"31905046","booking_date":"2020-12-30 17:30:00","booking_end":"2020-12-30 19:00:00","instructor":"806826","job_id":"180309443","status":"1"},{"id":"7","student_id":"990085","tookan_id":"31905046","booking_date":"2021-01-01 19:00:00","booking_end":"2021-01-01 20:30:00","instructor":"806826","job_id":"180314353","status":"1"},{"id":"8","student_id":"990085","tookan_id":"31905046","booking_date":"2021-01-04 18:00:00","booking_end":"2021-01-04 19:30:00","instructor":"806826","job_id":"182744862","status":"1"},{"id":"9","student_id":"990085","tookan_id":"31905046","booking_date":"2021-01-07 19:00:00","booking_end":"2021-01-07 20:30:00","instructor":"806826","job_id":"182748608","status":"1"}] Type: get_student_bookings
2021-01-08 00:12:41--- INFO --- [{"id":"6","student_id":"990085","tookan_id":"31905046","booking_date":"2020-12-30 17:30:00","booking_end":"2020-12-30 19:00:00","instructor":"806826","job_id":"180309443","status":"1"},{"id":"7","student_id":"990085","tookan_id":"31905046","booking_date":"2021-01-01 19:00:00","booking_end":"2021-01-01 20:30:00","instructor":"806826","job_id":"180314353","status":"1"},{"id":"8","student_id":"990085","tookan_id":"31905046","booking_date":"2021-01-04 18:00:00","booking_end":"2021-01-04 19:30:00","instructor":"806826","job_id":"182744862","status":"1"},{"id":"9","student_id":"990085","tookan_id":"31905046","booking_date":"2021-01-07 19:00:00","booking_end":"2021-01-07 20:30:00","instructor":"806826","job_id":"182748608","status":"1"}] Type: get_student_bookings
2021-01-08 00:33:04--- INFO --- [{"id":"6","student_id":"990085","tookan_id":"31905046","booking_date":"2020-12-30 17:30:00","booking_end":"2020-12-30 19:00:00","instructor":"806826","job_id":"180309443","status":"1"},{"id":"7","student_id":"990085","tookan_id":"31905046","booking_date":"2021-01-01 19:00:00","booking_end":"2021-01-01 20:30:00","instructor":"806826","job_id":"180314353","status":"1"},{"id":"8","student_id":"990085","tookan_id":"31905046","booking_date":"2021-01-04 18:00:00","booking_end":"2021-01-04 19:30:00","instructor":"806826","job_id":"182744862","status":"1"},{"id":"9","student_id":"990085","tookan_id":"31905046","booking_date":"2021-01-07 19:00:00","booking_end":"2021-01-07 20:30:00","instructor":"806826","job_id":"182748608","status":"1"}] Type: get_student_bookings
2021-01-08 00:46:19--- INFO --- [{"id":"6","student_id":"990085","tookan_id":"31905046","booking_date":"2020-12-30 17:30:00","booking_end":"2020-12-30 19:00:00","instructor":"806826","job_id":"180309443","status":"1"},{"id":"7","student_id":"990085","tookan_id":"31905046","booking_date":"2021-01-01 19:00:00","booking_end":"2021-01-01 20:30:00","instructor":"806826","job_id":"180314353","status":"1"},{"id":"8","student_id":"990085","tookan_id":"31905046","booking_date":"2021-01-04 18:00:00","booking_end":"2021-01-04 19:30:00","instructor":"806826","job_id":"182744862","status":"1"},{"id":"9","student_id":"990085","tookan_id":"31905046","booking_date":"2021-01-07 19:00:00","booking_end":"2021-01-07 20:30:00","instructor":"806826","job_id":"182748608","status":"1"}] Type: get_student_bookings
2021-01-08 00:49:20--- INFO --- [{"id":"6","student_id":"990085","tookan_id":"31905046","booking_date":"2020-12-30 17:30:00","booking_end":"2020-12-30 19:00:00","instructor":"806826","job_id":"180309443","status":"1"},{"id":"7","student_id":"990085","tookan_id":"31905046","booking_date":"2021-01-01 19:00:00","booking_end":"2021-01-01 20:30:00","instructor":"806826","job_id":"180314353","status":"1"},{"id":"8","student_id":"990085","tookan_id":"31905046","booking_date":"2021-01-04 18:00:00","booking_end":"2021-01-04 19:30:00","instructor":"806826","job_id":"182744862","status":"1"},{"id":"9","student_id":"990085","tookan_id":"31905046","booking_date":"2021-01-07 19:00:00","booking_end":"2021-01-07 20:30:00","instructor":"806826","job_id":"182748608","status":"1"}] Type: get_student_bookings
2021-01-08 00:50:08--- INFO --- [{"id":"6","student_id":"990085","tookan_id":"31905046","booking_date":"2020-12-30 17:30:00","booking_end":"2020-12-30 19:00:00","instructor":"806826","job_id":"180309443","status":"1"},{"id":"7","student_id":"990085","tookan_id":"31905046","booking_date":"2021-01-01 19:00:00","booking_end":"2021-01-01 20:30:00","instructor":"806826","job_id":"180314353","status":"1"},{"id":"8","student_id":"990085","tookan_id":"31905046","booking_date":"2021-01-04 18:00:00","booking_end":"2021-01-04 19:30:00","instructor":"806826","job_id":"182744862","status":"1"},{"id":"9","student_id":"990085","tookan_id":"31905046","booking_date":"2021-01-07 19:00:00","booking_end":"2021-01-07 20:30:00","instructor":"806826","job_id":"182748608","status":"1"}] Type: get_student_bookings
2021-01-08 00:54:22--- INFO --- [{"id":"6","student_id":"990085","tookan_id":"31905046","booking_date":"2020-12-30 17:30:00","booking_end":"2020-12-30 19:00:00","instructor":"806826","job_id":"180309443","status":"1"},{"id":"7","student_id":"990085","tookan_id":"31905046","booking_date":"2021-01-01 19:00:00","booking_end":"2021-01-01 20:30:00","instructor":"806826","job_id":"180314353","status":"1"},{"id":"8","student_id":"990085","tookan_id":"31905046","booking_date":"2021-01-04 18:00:00","booking_end":"2021-01-04 19:30:00","instructor":"806826","job_id":"182744862","status":"1"},{"id":"9","student_id":"990085","tookan_id":"31905046","booking_date":"2021-01-07 19:00:00","booking_end":"2021-01-07 20:30:00","instructor":"806826","job_id":"182748608","status":"1"}] Type: get_student_bookings
2021-01-08 00:58:23--- INFO --- [{"id":"6","student_id":"990085","tookan_id":"31905046","booking_date":"2020-12-30 17:30:00","booking_end":"2020-12-30 19:00:00","instructor":"806826","job_id":"180309443","status":"1"},{"id":"7","student_id":"990085","tookan_id":"31905046","booking_date":"2021-01-01 19:00:00","booking_end":"2021-01-01 20:30:00","instructor":"806826","job_id":"180314353","status":"1"},{"id":"8","student_id":"990085","tookan_id":"31905046","booking_date":"2021-01-04 18:00:00","booking_end":"2021-01-04 19:30:00","instructor":"806826","job_id":"182744862","status":"1"},{"id":"9","student_id":"990085","tookan_id":"31905046","booking_date":"2021-01-07 19:00:00","booking_end":"2021-01-07 20:30:00","instructor":"806826","job_id":"182748608","status":"1"}] Type: get_student_bookings
2021-01-08 00:59:57--- INFO --- [{"id":"6","student_id":"990085","tookan_id":"31905046","booking_date":"2020-12-30 17:30:00","booking_end":"2020-12-30 19:00:00","instructor":"806826","job_id":"180309443","status":"1"},{"id":"7","student_id":"990085","tookan_id":"31905046","booking_date":"2021-01-01 19:00:00","booking_end":"2021-01-01 20:30:00","instructor":"806826","job_id":"180314353","status":"1"},{"id":"8","student_id":"990085","tookan_id":"31905046","booking_date":"2021-01-04 18:00:00","booking_end":"2021-01-04 19:30:00","instructor":"806826","job_id":"182744862","status":"1"},{"id":"9","student_id":"990085","tookan_id":"31905046","booking_date":"2021-01-07 19:00:00","booking_end":"2021-01-07 20:30:00","instructor":"806826","job_id":"182748608","status":"1"}] Type: get_student_bookings
2021-01-08 01:05:48--- INFO --- [{"id":"6","student_id":"990085","tookan_id":"31905046","booking_date":"2020-12-30 17:30:00","booking_end":"2020-12-30 19:00:00","instructor":"806826","job_id":"180309443","status":"1"},{"id":"7","student_id":"990085","tookan_id":"31905046","booking_date":"2021-01-01 19:00:00","booking_end":"2021-01-01 20:30:00","instructor":"806826","job_id":"180314353","status":"1"},{"id":"8","student_id":"990085","tookan_id":"31905046","booking_date":"2021-01-04 18:00:00","booking_end":"2021-01-04 19:30:00","instructor":"806826","job_id":"182744862","status":"1"},{"id":"9","student_id":"990085","tookan_id":"31905046","booking_date":"2021-01-07 19:00:00","booking_end":"2021-01-07 20:30:00","instructor":"806826","job_id":"182748608","status":"1"}] Type: get_student_bookings
2021-01-08 01:07:56--- INFO --- [{"id":"6","student_id":"990085","tookan_id":"31905046","booking_date":"2020-12-30 17:30:00","booking_end":"2020-12-30 19:00:00","instructor":"806826","job_id":"180309443","status":"1"},{"id":"7","student_id":"990085","tookan_id":"31905046","booking_date":"2021-01-01 19:00:00","booking_end":"2021-01-01 20:30:00","instructor":"806826","job_id":"180314353","status":"1"},{"id":"8","student_id":"990085","tookan_id":"31905046","booking_date":"2021-01-04 18:00:00","booking_end":"2021-01-04 19:30:00","instructor":"806826","job_id":"182744862","status":"1"},{"id":"9","student_id":"990085","tookan_id":"31905046","booking_date":"2021-01-07 19:00:00","booking_end":"2021-01-07 20:30:00","instructor":"806826","job_id":"182748608","status":"1"}] Type: get_student_bookings
2021-01-08 01:09:09--- INFO --- [{"id":"6","student_id":"990085","tookan_id":"31905046","booking_date":"2020-12-30 17:30:00","booking_end":"2020-12-30 19:00:00","instructor":"806826","job_id":"180309443","status":"1"},{"id":"7","student_id":"990085","tookan_id":"31905046","booking_date":"2021-01-01 19:00:00","booking_end":"2021-01-01 20:30:00","instructor":"806826","job_id":"180314353","status":"1"},{"id":"8","student_id":"990085","tookan_id":"31905046","booking_date":"2021-01-04 18:00:00","booking_end":"2021-01-04 19:30:00","instructor":"806826","job_id":"182744862","status":"1"},{"id":"9","student_id":"990085","tookan_id":"31905046","booking_date":"2021-01-07 19:00:00","booking_end":"2021-01-07 20:30:00","instructor":"806826","job_id":"182748608","status":"1"}] Type: get_student_bookings
2021-01-08 01:09:22--- INFO --- [{"id":"6","student_id":"990085","tookan_id":"31905046","booking_date":"2020-12-30 17:30:00","booking_end":"2020-12-30 19:00:00","instructor":"806826","job_id":"180309443","status":"1"},{"id":"7","student_id":"990085","tookan_id":"31905046","booking_date":"2021-01-01 19:00:00","booking_end":"2021-01-01 20:30:00","instructor":"806826","job_id":"180314353","status":"1"},{"id":"8","student_id":"990085","tookan_id":"31905046","booking_date":"2021-01-04 18:00:00","booking_end":"2021-01-04 19:30:00","instructor":"806826","job_id":"182744862","status":"1"},{"id":"9","student_id":"990085","tookan_id":"31905046","booking_date":"2021-01-07 19:00:00","booking_end":"2021-01-07 20:30:00","instructor":"806826","job_id":"182748608","status":"1"}] Type: get_student_bookings
2021-01-08 01:10:03--- INFO --- [{"id":"6","student_id":"990085","tookan_id":"31905046","booking_date":"2020-12-30 17:30:00","booking_end":"2020-12-30 19:00:00","instructor":"806826","job_id":"180309443","status":"1"},{"id":"7","student_id":"990085","tookan_id":"31905046","booking_date":"2021-01-01 19:00:00","booking_end":"2021-01-01 20:30:00","instructor":"806826","job_id":"180314353","status":"1"},{"id":"8","student_id":"990085","tookan_id":"31905046","booking_date":"2021-01-04 18:00:00","booking_end":"2021-01-04 19:30:00","instructor":"806826","job_id":"182744862","status":"1"},{"id":"9","student_id":"990085","tookan_id":"31905046","booking_date":"2021-01-07 19:00:00","booking_end":"2021-01-07 20:30:00","instructor":"806826","job_id":"182748608","status":"1"}] Type: get_student_bookings
2021-01-08 01:11:23--- INFO --- [{"id":"6","student_id":"990085","tookan_id":"31905046","booking_date":"2020-12-30 17:30:00","booking_end":"2020-12-30 19:00:00","instructor":"806826","job_id":"180309443","status":"1"},{"id":"7","student_id":"990085","tookan_id":"31905046","booking_date":"2021-01-01 19:00:00","booking_end":"2021-01-01 20:30:00","instructor":"806826","job_id":"180314353","status":"1"},{"id":"8","student_id":"990085","tookan_id":"31905046","booking_date":"2021-01-04 18:00:00","booking_end":"2021-01-04 19:30:00","instructor":"806826","job_id":"182744862","status":"1"},{"id":"9","student_id":"990085","tookan_id":"31905046","booking_date":"2021-01-07 19:00:00","booking_end":"2021-01-07 20:30:00","instructor":"806826","job_id":"182748608","status":"1"}] Type: get_student_bookings
2021-01-08 01:16:16--- INFO --- [{"id":"6","student_id":"990085","tookan_id":"31905046","booking_date":"2020-12-30 17:30:00","booking_end":"2020-12-30 19:00:00","instructor":"806826","job_id":"180309443","status":"1"},{"id":"7","student_id":"990085","tookan_id":"31905046","booking_date":"2021-01-01 19:00:00","booking_end":"2021-01-01 20:30:00","instructor":"806826","job_id":"180314353","status":"1"},{"id":"8","student_id":"990085","tookan_id":"31905046","booking_date":"2021-01-04 18:00:00","booking_end":"2021-01-04 19:30:00","instructor":"806826","job_id":"182744862","status":"1"},{"id":"9","student_id":"990085","tookan_id":"31905046","booking_date":"2021-01-07 19:00:00","booking_end":"2021-01-07 20:30:00","instructor":"806826","job_id":"182748608","status":"1"}] Type: get_student_bookings
2021-01-08 01:21:30--- INFO --- [{"id":"6","student_id":"990085","tookan_id":"31905046","booking_date":"2020-12-30 17:30:00","booking_end":"2020-12-30 19:00:00","instructor":"806826","job_id":"180309443","status":"1"},{"id":"7","student_id":"990085","tookan_id":"31905046","booking_date":"2021-01-01 19:00:00","booking_end":"2021-01-01 20:30:00","instructor":"806826","job_id":"180314353","status":"1"},{"id":"8","student_id":"990085","tookan_id":"31905046","booking_date":"2021-01-04 18:00:00","booking_end":"2021-01-04 19:30:00","instructor":"806826","job_id":"182744862","status":"1"},{"id":"9","student_id":"990085","tookan_id":"31905046","booking_date":"2021-01-07 19:00:00","booking_end":"2021-01-07 20:30:00","instructor":"806826","job_id":"182748608","status":"1"}] Type: get_student_bookings
2021-01-08 01:22:12--- INFO --- [{"id":"6","student_id":"990085","tookan_id":"31905046","booking_date":"2020-12-30 17:30:00","booking_end":"2020-12-30 19:00:00","instructor":"806826","job_id":"180309443","status":"1"},{"id":"7","student_id":"990085","tookan_id":"31905046","booking_date":"2021-01-01 19:00:00","booking_end":"2021-01-01 20:30:00","instructor":"806826","job_id":"180314353","status":"1"},{"id":"8","student_id":"990085","tookan_id":"31905046","booking_date":"2021-01-04 18:00:00","booking_end":"2021-01-04 19:30:00","instructor":"806826","job_id":"182744862","status":"1"},{"id":"9","student_id":"990085","tookan_id":"31905046","booking_date":"2021-01-07 19:00:00","booking_end":"2021-01-07 20:30:00","instructor":"806826","job_id":"182748608","status":"1"}] Type: get_student_bookings
2021-01-08 01:29:13--- INFO --- [{"id":"6","student_id":"990085","tookan_id":"31905046","booking_date":"2020-12-30 17:30:00","booking_end":"2020-12-30 19:00:00","instructor":"806826","job_id":"180309443","status":"1"},{"id":"7","student_id":"990085","tookan_id":"31905046","booking_date":"2021-01-01 19:00:00","booking_end":"2021-01-01 20:30:00","instructor":"806826","job_id":"180314353","status":"1"},{"id":"8","student_id":"990085","tookan_id":"31905046","booking_date":"2021-01-04 18:00:00","booking_end":"2021-01-04 19:30:00","instructor":"806826","job_id":"182744862","status":"1"},{"id":"9","student_id":"990085","tookan_id":"31905046","booking_date":"2021-01-07 19:00:00","booking_end":"2021-01-07 20:30:00","instructor":"806826","job_id":"182748608","status":"1"}] Type: get_student_bookings
2021-01-08 01:30:09--- INFO --- [{"id":"6","student_id":"990085","tookan_id":"31905046","booking_date":"2020-12-30 17:30:00","booking_end":"2020-12-30 19:00:00","instructor":"806826","job_id":"180309443","status":"1"},{"id":"7","student_id":"990085","tookan_id":"31905046","booking_date":"2021-01-01 19:00:00","booking_end":"2021-01-01 20:30:00","instructor":"806826","job_id":"180314353","status":"1"},{"id":"8","student_id":"990085","tookan_id":"31905046","booking_date":"2021-01-04 18:00:00","booking_end":"2021-01-04 19:30:00","instructor":"806826","job_id":"182744862","status":"1"},{"id":"9","student_id":"990085","tookan_id":"31905046","booking_date":"2021-01-07 19:00:00","booking_end":"2021-01-07 20:30:00","instructor":"806826","job_id":"182748608","status":"1"}] Type: get_student_bookings
2021-01-08 01:30:50--- INFO --- [{"id":"6","student_id":"990085","tookan_id":"31905046","booking_date":"2020-12-30 17:30:00","booking_end":"2020-12-30 19:00:00","instructor":"806826","job_id":"180309443","status":"1"},{"id":"7","student_id":"990085","tookan_id":"31905046","booking_date":"2021-01-01 19:00:00","booking_end":"2021-01-01 20:30:00","instructor":"806826","job_id":"180314353","status":"1"},{"id":"8","student_id":"990085","tookan_id":"31905046","booking_date":"2021-01-04 18:00:00","booking_end":"2021-01-04 19:30:00","instructor":"806826","job_id":"182744862","status":"1"},{"id":"9","student_id":"990085","tookan_id":"31905046","booking_date":"2021-01-07 19:00:00","booking_end":"2021-01-07 20:30:00","instructor":"806826","job_id":"182748608","status":"1"}] Type: get_student_bookings
2021-01-08 01:32:13--- INFO --- [{"id":"6","student_id":"990085","tookan_id":"31905046","booking_date":"2020-12-30 17:30:00","booking_end":"2020-12-30 19:00:00","instructor":"806826","job_id":"180309443","status":"1"},{"id":"7","student_id":"990085","tookan_id":"31905046","booking_date":"2021-01-01 19:00:00","booking_end":"2021-01-01 20:30:00","instructor":"806826","job_id":"180314353","status":"1"},{"id":"8","student_id":"990085","tookan_id":"31905046","booking_date":"2021-01-04 18:00:00","booking_end":"2021-01-04 19:30:00","instructor":"806826","job_id":"182744862","status":"1"},{"id":"9","student_id":"990085","tookan_id":"31905046","booking_date":"2021-01-07 19:00:00","booking_end":"2021-01-07 20:30:00","instructor":"806826","job_id":"182748608","status":"1"}] Type: get_student_bookings
2021-01-08 01:32:44--- INFO --- [{"id":"6","student_id":"990085","tookan_id":"31905046","booking_date":"2020-12-30 17:30:00","booking_end":"2020-12-30 19:00:00","instructor":"806826","job_id":"180309443","status":"1"},{"id":"7","student_id":"990085","tookan_id":"31905046","booking_date":"2021-01-01 19:00:00","booking_end":"2021-01-01 20:30:00","instructor":"806826","job_id":"180314353","status":"1"},{"id":"8","student_id":"990085","tookan_id":"31905046","booking_date":"2021-01-04 18:00:00","booking_end":"2021-01-04 19:30:00","instructor":"806826","job_id":"182744862","status":"1"},{"id":"9","student_id":"990085","tookan_id":"31905046","booking_date":"2021-01-07 19:00:00","booking_end":"2021-01-07 20:30:00","instructor":"806826","job_id":"182748608","status":"1"}] Type: get_student_bookings
2021-01-08 01:34:46--- INFO --- [{"id":"6","student_id":"990085","tookan_id":"31905046","booking_date":"2020-12-30 17:30:00","booking_end":"2020-12-30 19:00:00","instructor":"806826","job_id":"180309443","status":"1"},{"id":"7","student_id":"990085","tookan_id":"31905046","booking_date":"2021-01-01 19:00:00","booking_end":"2021-01-01 20:30:00","instructor":"806826","job_id":"180314353","status":"1"},{"id":"8","student_id":"990085","tookan_id":"31905046","booking_date":"2021-01-04 18:00:00","booking_end":"2021-01-04 19:30:00","instructor":"806826","job_id":"182744862","status":"1"},{"id":"9","student_id":"990085","tookan_id":"31905046","booking_date":"2021-01-07 19:00:00","booking_end":"2021-01-07 20:30:00","instructor":"806826","job_id":"182748608","status":"1"}] Type: get_student_bookings
2021-01-08 01:35:51--- INFO --- [{"id":"6","student_id":"990085","tookan_id":"31905046","booking_date":"2020-12-30 17:30:00","booking_end":"2020-12-30 19:00:00","instructor":"806826","job_id":"180309443","status":"1"},{"id":"7","student_id":"990085","tookan_id":"31905046","booking_date":"2021-01-01 19:00:00","booking_end":"2021-01-01 20:30:00","instructor":"806826","job_id":"180314353","status":"1"},{"id":"8","student_id":"990085","tookan_id":"31905046","booking_date":"2021-01-04 18:00:00","booking_end":"2021-01-04 19:30:00","instructor":"806826","job_id":"182744862","status":"1"},{"id":"9","student_id":"990085","tookan_id":"31905046","booking_date":"2021-01-07 19:00:00","booking_end":"2021-01-07 20:30:00","instructor":"806826","job_id":"182748608","status":"1"}] Type: get_student_bookings
2021-01-08 01:36:54--- INFO --- [{"id":"6","student_id":"990085","tookan_id":"31905046","booking_date":"2020-12-30 17:30:00","booking_end":"2020-12-30 19:00:00","instructor":"806826","job_id":"180309443","status":"1"},{"id":"7","student_id":"990085","tookan_id":"31905046","booking_date":"2021-01-01 19:00:00","booking_end":"2021-01-01 20:30:00","instructor":"806826","job_id":"180314353","status":"1"},{"id":"8","student_id":"990085","tookan_id":"31905046","booking_date":"2021-01-04 18:00:00","booking_end":"2021-01-04 19:30:00","instructor":"806826","job_id":"182744862","status":"1"},{"id":"9","student_id":"990085","tookan_id":"31905046","booking_date":"2021-01-07 19:00:00","booking_end":"2021-01-07 20:30:00","instructor":"806826","job_id":"182748608","status":"1"}] Type: get_student_bookings
2021-01-08 01:37:40--- INFO --- [{"id":"6","student_id":"990085","tookan_id":"31905046","booking_date":"2020-12-30 17:30:00","booking_end":"2020-12-30 19:00:00","instructor":"806826","job_id":"180309443","status":"1"},{"id":"7","student_id":"990085","tookan_id":"31905046","booking_date":"2021-01-01 19:00:00","booking_end":"2021-01-01 20:30:00","instructor":"806826","job_id":"180314353","status":"1"},{"id":"8","student_id":"990085","tookan_id":"31905046","booking_date":"2021-01-04 18:00:00","booking_end":"2021-01-04 19:30:00","instructor":"806826","job_id":"182744862","status":"1"},{"id":"9","student_id":"990085","tookan_id":"31905046","booking_date":"2021-01-07 19:00:00","booking_end":"2021-01-07 20:30:00","instructor":"806826","job_id":"182748608","status":"1"}] Type: get_student_bookings
2021-01-08 01:38:13--- INFO --- [{"id":"6","student_id":"990085","tookan_id":"31905046","booking_date":"2020-12-30 17:30:00","booking_end":"2020-12-30 19:00:00","instructor":"806826","job_id":"180309443","status":"1"},{"id":"7","student_id":"990085","tookan_id":"31905046","booking_date":"2021-01-01 19:00:00","booking_end":"2021-01-01 20:30:00","instructor":"806826","job_id":"180314353","status":"1"},{"id":"8","student_id":"990085","tookan_id":"31905046","booking_date":"2021-01-04 18:00:00","booking_end":"2021-01-04 19:30:00","instructor":"806826","job_id":"182744862","status":"1"},{"id":"9","student_id":"990085","tookan_id":"31905046","booking_date":"2021-01-07 19:00:00","booking_end":"2021-01-07 20:30:00","instructor":"806826","job_id":"182748608","status":"1"}] Type: get_student_bookings
2021-01-08 01:38:38--- INFO --- [{"id":"6","student_id":"990085","tookan_id":"31905046","booking_date":"2020-12-30 17:30:00","booking_end":"2020-12-30 19:00:00","instructor":"806826","job_id":"180309443","status":"1"},{"id":"7","student_id":"990085","tookan_id":"31905046","booking_date":"2021-01-01 19:00:00","booking_end":"2021-01-01 20:30:00","instructor":"806826","job_id":"180314353","status":"1"},{"id":"8","student_id":"990085","tookan_id":"31905046","booking_date":"2021-01-04 18:00:00","booking_end":"2021-01-04 19:30:00","instructor":"806826","job_id":"182744862","status":"1"},{"id":"9","student_id":"990085","tookan_id":"31905046","booking_date":"2021-01-07 19:00:00","booking_end":"2021-01-07 20:30:00","instructor":"806826","job_id":"182748608","status":"1"}] Type: get_student_bookings
2021-01-08 01:40:11--- INFO --- [{"id":"6","student_id":"990085","tookan_id":"31905046","booking_date":"2020-12-30 17:30:00","booking_end":"2020-12-30 19:00:00","instructor":"806826","job_id":"180309443","status":"1"},{"id":"7","student_id":"990085","tookan_id":"31905046","booking_date":"2021-01-01 19:00:00","booking_end":"2021-01-01 20:30:00","instructor":"806826","job_id":"180314353","status":"1"},{"id":"8","student_id":"990085","tookan_id":"31905046","booking_date":"2021-01-04 18:00:00","booking_end":"2021-01-04 19:30:00","instructor":"806826","job_id":"182744862","status":"1"},{"id":"9","student_id":"990085","tookan_id":"31905046","booking_date":"2021-01-07 19:00:00","booking_end":"2021-01-07 20:30:00","instructor":"806826","job_id":"182748608","status":"1"}] Type: get_student_bookings
2021-01-08 01:41:27--- INFO --- [{"id":"6","student_id":"990085","tookan_id":"31905046","booking_date":"2020-12-30 17:30:00","booking_end":"2020-12-30 19:00:00","instructor":"806826","job_id":"180309443","status":"1"},{"id":"7","student_id":"990085","tookan_id":"31905046","booking_date":"2021-01-01 19:00:00","booking_end":"2021-01-01 20:30:00","instructor":"806826","job_id":"180314353","status":"1"},{"id":"8","student_id":"990085","tookan_id":"31905046","booking_date":"2021-01-04 18:00:00","booking_end":"2021-01-04 19:30:00","instructor":"806826","job_id":"182744862","status":"1"},{"id":"9","student_id":"990085","tookan_id":"31905046","booking_date":"2021-01-07 19:00:00","booking_end":"2021-01-07 20:30:00","instructor":"806826","job_id":"182748608","status":"1"}] Type: get_student_bookings
2021-01-08 01:42:09--- INFO --- [{"id":"6","student_id":"990085","tookan_id":"31905046","booking_date":"2020-12-30 17:30:00","booking_end":"2020-12-30 19:00:00","instructor":"806826","job_id":"180309443","status":"1"},{"id":"7","student_id":"990085","tookan_id":"31905046","booking_date":"2021-01-01 19:00:00","booking_end":"2021-01-01 20:30:00","instructor":"806826","job_id":"180314353","status":"1"},{"id":"8","student_id":"990085","tookan_id":"31905046","booking_date":"2021-01-04 18:00:00","booking_end":"2021-01-04 19:30:00","instructor":"806826","job_id":"182744862","status":"1"},{"id":"9","student_id":"990085","tookan_id":"31905046","booking_date":"2021-01-07 19:00:00","booking_end":"2021-01-07 20:30:00","instructor":"806826","job_id":"182748608","status":"1"}] Type: get_student_bookings
2021-01-08 01:43:13--- INFO --- [{"id":"6","student_id":"990085","tookan_id":"31905046","booking_date":"2020-12-30 17:30:00","booking_end":"2020-12-30 19:00:00","instructor":"806826","job_id":"180309443","status":"1"},{"id":"7","student_id":"990085","tookan_id":"31905046","booking_date":"2021-01-01 19:00:00","booking_end":"2021-01-01 20:30:00","instructor":"806826","job_id":"180314353","status":"1"},{"id":"8","student_id":"990085","tookan_id":"31905046","booking_date":"2021-01-04 18:00:00","booking_end":"2021-01-04 19:30:00","instructor":"806826","job_id":"182744862","status":"1"},{"id":"9","student_id":"990085","tookan_id":"31905046","booking_date":"2021-01-07 19:00:00","booking_end":"2021-01-07 20:30:00","instructor":"806826","job_id":"182748608","status":"1"}] Type: get_student_bookings
2021-01-08 01:43:57--- INFO --- [{"id":"6","student_id":"990085","tookan_id":"31905046","booking_date":"2020-12-30 17:30:00","booking_end":"2020-12-30 19:00:00","instructor":"806826","job_id":"180309443","status":"1"},{"id":"7","student_id":"990085","tookan_id":"31905046","booking_date":"2021-01-01 19:00:00","booking_end":"2021-01-01 20:30:00","instructor":"806826","job_id":"180314353","status":"1"},{"id":"8","student_id":"990085","tookan_id":"31905046","booking_date":"2021-01-04 18:00:00","booking_end":"2021-01-04 19:30:00","instructor":"806826","job_id":"182744862","status":"1"},{"id":"9","student_id":"990085","tookan_id":"31905046","booking_date":"2021-01-07 19:00:00","booking_end":"2021-01-07 20:30:00","instructor":"806826","job_id":"182748608","status":"1"}] Type: get_student_bookings
2021-01-08 01:45:23--- INFO --- [{"id":"6","student_id":"990085","tookan_id":"31905046","booking_date":"2020-12-30 17:30:00","booking_end":"2020-12-30 19:00:00","instructor":"806826","job_id":"180309443","status":"1"},{"id":"7","student_id":"990085","tookan_id":"31905046","booking_date":"2021-01-01 19:00:00","booking_end":"2021-01-01 20:30:00","instructor":"806826","job_id":"180314353","status":"1"},{"id":"8","student_id":"990085","tookan_id":"31905046","booking_date":"2021-01-04 18:00:00","booking_end":"2021-01-04 19:30:00","instructor":"806826","job_id":"182744862","status":"1"},{"id":"9","student_id":"990085","tookan_id":"31905046","booking_date":"2021-01-07 19:00:00","booking_end":"2021-01-07 20:30:00","instructor":"806826","job_id":"182748608","status":"1"}] Type: get_student_bookings
2021-01-08 01:46:36--- INFO --- [{"id":"6","student_id":"990085","tookan_id":"31905046","booking_date":"2020-12-30 17:30:00","booking_end":"2020-12-30 19:00:00","instructor":"806826","job_id":"180309443","status":"1"},{"id":"7","student_id":"990085","tookan_id":"31905046","booking_date":"2021-01-01 19:00:00","booking_end":"2021-01-01 20:30:00","instructor":"806826","job_id":"180314353","status":"1"},{"id":"8","student_id":"990085","tookan_id":"31905046","booking_date":"2021-01-04 18:00:00","booking_end":"2021-01-04 19:30:00","instructor":"806826","job_id":"182744862","status":"1"},{"id":"9","student_id":"990085","tookan_id":"31905046","booking_date":"2021-01-07 19:00:00","booking_end":"2021-01-07 20:30:00","instructor":"806826","job_id":"182748608","status":"1"}] Type: get_student_bookings
2021-01-08 01:48:54--- INFO --- [{"id":"6","student_id":"990085","tookan_id":"31905046","booking_date":"2020-12-30 17:30:00","booking_end":"2020-12-30 19:00:00","instructor":"806826","job_id":"180309443","status":"1"},{"id":"7","student_id":"990085","tookan_id":"31905046","booking_date":"2021-01-01 19:00:00","booking_end":"2021-01-01 20:30:00","instructor":"806826","job_id":"180314353","status":"1"},{"id":"8","student_id":"990085","tookan_id":"31905046","booking_date":"2021-01-04 18:00:00","booking_end":"2021-01-04 19:30:00","instructor":"806826","job_id":"182744862","status":"1"},{"id":"9","student_id":"990085","tookan_id":"31905046","booking_date":"2021-01-07 19:00:00","booking_end":"2021-01-07 20:30:00","instructor":"806826","job_id":"182748608","status":"1"}] Type: get_student_bookings
2021-01-08 01:51:15--- INFO --- [{"id":"6","student_id":"990085","tookan_id":"31905046","booking_date":"2020-12-30 17:30:00","booking_end":"2020-12-30 19:00:00","instructor":"806826","job_id":"180309443","status":"1"},{"id":"7","student_id":"990085","tookan_id":"31905046","booking_date":"2021-01-01 19:00:00","booking_end":"2021-01-01 20:30:00","instructor":"806826","job_id":"180314353","status":"1"},{"id":"8","student_id":"990085","tookan_id":"31905046","booking_date":"2021-01-04 18:00:00","booking_end":"2021-01-04 19:30:00","instructor":"806826","job_id":"182744862","status":"1"},{"id":"9","student_id":"990085","tookan_id":"31905046","booking_date":"2021-01-07 19:00:00","booking_end":"2021-01-07 20:30:00","instructor":"806826","job_id":"182748608","status":"1"}] Type: get_student_bookings
2021-01-08 01:52:20--- INFO --- [{"id":"6","student_id":"990085","tookan_id":"31905046","booking_date":"2020-12-30 17:30:00","booking_end":"2020-12-30 19:00:00","instructor":"806826","job_id":"180309443","status":"1"},{"id":"7","student_id":"990085","tookan_id":"31905046","booking_date":"2021-01-01 19:00:00","booking_end":"2021-01-01 20:30:00","instructor":"806826","job_id":"180314353","status":"1"},{"id":"8","student_id":"990085","tookan_id":"31905046","booking_date":"2021-01-04 18:00:00","booking_end":"2021-01-04 19:30:00","instructor":"806826","job_id":"182744862","status":"1"},{"id":"9","student_id":"990085","tookan_id":"31905046","booking_date":"2021-01-07 19:00:00","booking_end":"2021-01-07 20:30:00","instructor":"806826","job_id":"182748608","status":"1"}] Type: get_student_bookings
2021-01-08 01:54:51--- INFO --- "array" Type: READ student agents
2021-01-08 01:54:53--- INFO --- {"success":true,"agent_id":"806826","job_id":184447096} Type: add_student_bookings--task
2021-01-08 01:55:06--- INFO --- "180309443" Type: delete_booking
2021-01-08 01:55:08--- INFO --- "180314353" Type: delete_booking
2021-01-08 01:55:09--- INFO --- "182744862" Type: delete_booking
2021-01-08 01:55:10--- INFO --- "182748608" Type: delete_booking
2021-01-08 01:55:14--- INFO --- "array" Type: READ student agents
2021-01-08 01:55:16--- INFO --- {"success":true,"agent_id":"806826","job_id":184447175} Type: add_student_bookings--task
2021-01-08 01:55:35--- INFO --- [] Type: get_student_bookings
2021-01-08 01:55:56--- INFO --- [] Type: get_student_bookings
