2020-12-28 18:00:30--- INFO --- {"distance":3617.166234526674,"coords":{"lat":43.4014639,"long":-79.71459399999999},"$agent":{"id":"2","instructor_id":"581964","inst_name":"Su Siva","latitude":"37.7922841","longitude":"-122.4001490","booking_ids":null}} Type: get_nearest_instructor
2020-12-28 18:00:30--- INFO --- {"distance":0.058211347076031796,"coords":{"lat":43.4014639,"long":-79.71459399999999},"$agent":{"id":"3","instructor_id":"806826","inst_name":"Satyen R","latitude":"43.4014739","longitude":"-79.7138736","booking_ids":null}} Type: get_nearest_instructor
2020-12-28 18:00:30--- INFO --- {"distance":43.923562399083366,"coords":{"lat":43.4014639,"long":-79.71459399999999},"$agent":{"id":"4","instructor_id":"860291","inst_name":"Samer Alotaibi","latitude":"43.7525432","longitude":"-79.4646769","booking_ids":null}} Type: get_nearest_instructor
2020-12-28 18:00:30--- INFO --- {"distance":3617.166234526674,"coords":{"lat":43.4014639,"long":-79.71459399999999},"$agent":{"id":"5","instructor_id":"861266","inst_name":"Goberdhan Neil Michael","latitude":"37.7922841","longitude":"-122.4001490","booking_ids":null}} Type: get_nearest_instructor
2020-12-28 18:00:30--- INFO --- {"distance":15.555179144012387,"coords":{"lat":43.4014639,"long":-79.71459399999999},"$agent":{"id":"6","instructor_id":"861268","inst_name":"Mahalingam N","latitude":"43.5413470","longitude":"-79.7166538","booking_ids":null}} Type: get_nearest_instructor
2020-12-28 18:17:53--- INFO --- {"distance":3617.166234526674,"coords":{"lat":43.4014639,"long":-79.71459399999999},"$agent":{"id":"2","instructor_id":"581964","inst_name":"Su Siva","latitude":"37.7922841","longitude":"-122.4001490","booking_ids":null}} Type: get_nearest_instructor
2020-12-28 18:17:53--- INFO --- {"distance":0.058211347076031796,"coords":{"lat":43.4014639,"long":-79.71459399999999},"$agent":{"id":"3","instructor_id":"806826","inst_name":"Satyen R","latitude":"43.4014739","longitude":"-79.7138736","booking_ids":null}} Type: get_nearest_instructor
2020-12-28 18:17:53--- INFO --- {"distance":43.923562399083366,"coords":{"lat":43.4014639,"long":-79.71459399999999},"$agent":{"id":"4","instructor_id":"860291","inst_name":"Samer Alotaibi","latitude":"43.7525432","longitude":"-79.4646769","booking_ids":null}} Type: get_nearest_instructor
2020-12-28 18:17:53--- INFO --- {"distance":3617.166234526674,"coords":{"lat":43.4014639,"long":-79.71459399999999},"$agent":{"id":"5","instructor_id":"861266","inst_name":"Goberdhan Neil Michael","latitude":"37.7922841","longitude":"-122.4001490","booking_ids":null}} Type: get_nearest_instructor
2020-12-28 18:17:53--- INFO --- {"distance":15.555179144012387,"coords":{"lat":43.4014639,"long":-79.71459399999999},"$agent":{"id":"6","instructor_id":"861268","inst_name":"Mahalingam N","latitude":"43.5413470","longitude":"-79.7166538","booking_ids":null}} Type: get_nearest_instructor
2020-12-28 18:26:50--- INFO --- {"distance":3617.166234526674,"coords":{"lat":43.4014639,"long":-79.71459399999999},"$agent":{"id":"2","instructor_id":"581964","inst_name":"Su Siva","latitude":"37.7922841","longitude":"-122.4001490","booking_ids":null}} Type: get_nearest_instructor
2020-12-28 18:26:50--- INFO --- {"distance":0.058211347076031796,"coords":{"lat":43.4014639,"long":-79.71459399999999},"$agent":{"id":"3","instructor_id":"806826","inst_name":"Satyen R","latitude":"43.4014739","longitude":"-79.7138736","booking_ids":null}} Type: get_nearest_instructor
2020-12-28 18:26:50--- INFO --- {"distance":43.923562399083366,"coords":{"lat":43.4014639,"long":-79.71459399999999},"$agent":{"id":"4","instructor_id":"860291","inst_name":"Samer Alotaibi","latitude":"43.7525432","longitude":"-79.4646769","booking_ids":null}} Type: get_nearest_instructor
2020-12-28 18:26:50--- INFO --- {"distance":3617.166234526674,"coords":{"lat":43.4014639,"long":-79.71459399999999},"$agent":{"id":"5","instructor_id":"861266","inst_name":"Goberdhan Neil Michael","latitude":"37.7922841","longitude":"-122.4001490","booking_ids":null}} Type: get_nearest_instructor
2020-12-28 18:26:50--- INFO --- {"distance":15.555179144012387,"coords":{"lat":43.4014639,"long":-79.71459399999999},"$agent":{"id":"6","instructor_id":"861268","inst_name":"Mahalingam N","latitude":"43.5413470","longitude":"-79.7166538","booking_ids":null}} Type: get_nearest_instructor
2020-12-28 18:32:03--- INFO --- {"distance":3617.2229573908344,"coords":{"lat":43.40143940000001,"long":-79.71389219999999},"$agent":{"id":"2","instructor_id":"581964","inst_name":"Su Siva","latitude":"37.7922841","longitude":"-122.4001490","booking_ids":null}} Type: get_nearest_instructor
2020-12-28 18:32:03--- INFO --- {"distance":0.004120034211816695,"coords":{"lat":43.40143940000001,"long":-79.71389219999999},"$agent":{"id":"3","instructor_id":"806826","inst_name":"Satyen R","latitude":"43.4014739","longitude":"-79.7138736","booking_ids":null}} Type: get_nearest_instructor
2020-12-28 18:32:03--- INFO --- {"distance":43.90010431543702,"coords":{"lat":43.40143940000001,"long":-79.71389219999999},"$agent":{"id":"4","instructor_id":"860291","inst_name":"Samer Alotaibi","latitude":"43.7525432","longitude":"-79.4646769","booking_ids":null}} Type: get_nearest_instructor
2020-12-28 18:32:03--- INFO --- {"distance":3617.2229573908344,"coords":{"lat":43.40143940000001,"long":-79.71389219999999},"$agent":{"id":"5","instructor_id":"861266","inst_name":"Goberdhan Neil Michael","latitude":"37.7922841","longitude":"-122.4001490","booking_ids":null}} Type: get_nearest_instructor
2020-12-28 18:32:03--- INFO --- {"distance":15.558611374153415,"coords":{"lat":43.40143940000001,"long":-79.71389219999999},"$agent":{"id":"6","instructor_id":"861268","inst_name":"Mahalingam N","latitude":"43.5413470","longitude":"-79.7166538","booking_ids":null}} Type: get_nearest_instructor
2020-12-28 19:11:46--- INFO --- {"distance":2362.277846888586,"coords":{"lat":56.130366,"long":-106.346771},"$agent":{"id":"2","instructor_id":"581964","inst_name":"Su Siva","latitude":"37.7922841","longitude":"-122.4001490","booking_ids":null}} Type: get_nearest_instructor
2020-12-28 19:11:46--- INFO --- {"distance":2354.9145601927867,"coords":{"lat":56.130366,"long":-106.346771},"$agent":{"id":"3","instructor_id":"806826","inst_name":"Satyen R","latitude":"43.4014739","longitude":"-79.7138736","booking_ids":null}} Type: get_nearest_instructor
2020-12-28 19:11:46--- INFO --- {"distance":2340.8856120969426,"coords":{"lat":56.130366,"long":-106.346771},"$agent":{"id":"4","instructor_id":"860291","inst_name":"Samer Alotaibi","latitude":"43.7525432","longitude":"-79.4646769","booking_ids":null}} Type: get_nearest_instructor
2020-12-28 19:11:46--- INFO --- {"distance":2362.277846888586,"coords":{"lat":56.130366,"long":-106.346771},"$agent":{"id":"5","instructor_id":"861266","inst_name":"Goberdhan Neil Michael","latitude":"37.7922841","longitude":"-122.4001490","booking_ids":null}} Type: get_nearest_instructor
2020-12-28 19:11:46--- INFO --- {"distance":2343.5474258664576,"coords":{"lat":56.130366,"long":-106.346771},"$agent":{"id":"6","instructor_id":"861268","inst_name":"Mahalingam N","latitude":"43.5413470","longitude":"-79.7166538","booking_ids":null}} Type: get_nearest_instructor
2021-01-04 02:33:51--- INFO --- 581964 Type: count_agent_bookings SQL
2021-01-04 02:33:51--- INFO --- "0" Type: count_agent_bookings
2021-01-04 02:33:51--- INFO --- 806826 Type: count_agent_bookings SQL
2021-01-04 02:33:51--- INFO --- "4" Type: count_agent_bookings
2021-01-04 02:33:51--- INFO --- 860291 Type: count_agent_bookings SQL
2021-01-04 02:33:51--- INFO --- "0" Type: count_agent_bookings
2021-01-04 02:33:51--- INFO --- 861266 Type: count_agent_bookings SQL
2021-01-04 02:33:51--- INFO --- "0" Type: count_agent_bookings
2021-01-04 02:33:51--- INFO --- 861268 Type: count_agent_bookings SQL
2021-01-04 02:33:51--- INFO --- "0" Type: count_agent_bookings
2021-01-04 02:33:51--- INFO --- [{"id":"2","instructor_id":"581964","inst_name":"Su Siva","latitude":"37.7922841","longitude":"-122.4001490","booking_ids":null,"count":"0","bookings":false,"name":"Su Siva"},{"id":"3","instructor_id":"806826","inst_name":"Satyen R","latitude":"43.4014739","longitude":"-79.7138736","booking_ids":null,"count":"4","bookings":[{"id":"6","student_id":"990085","tookan_id":"31905046","booking_date":"2020-12-30 17:30:00","booking_end":"2020-12-30 19:00:00","instructor":"806826","job_id":"180309443","status":"1"},{"id":"7","student_id":"990085","tookan_id":"31905046","booking_date":"2021-01-01 19:00:00","booking_end":"2021-01-01 20:30:00","instructor":"806826","job_id":"180314353","status":"1"},{"id":"8","student_id":"990085","tookan_id":"31905046","booking_date":"2021-01-04 18:00:00","booking_end":"2021-01-04 19:30:00","instructor":"806826","job_id":"182744862","status":"1"},{"id":"9","student_id":"990085","tookan_id":"31905046","booking_date":"2021-01-07 19:00:00","booking_end":"2021-01-07 20:30:00","instructor":"806826","job_id":"182748608","status":"1"}],"name":"Satyen R"},{"id":"4","instructor_id":"860291","inst_name":"Samer Alotaibi","latitude":"43.7525432","longitude":"-79.4646769","booking_ids":null,"count":"0","bookings":false,"name":"Samer Alotaibi"},{"id":"5","instructor_id":"861266","inst_name":"Goberdhan Neil Michael","latitude":"37.7922841","longitude":"-122.4001490","booking_ids":null,"count":"0","bookings":false,"name":"Goberdhan Neil Michael"},{"id":"6","instructor_id":"861268","inst_name":"Mahalingam N","latitude":"43.5413470","longitude":"-79.7166538","booking_ids":null,"count":"0","bookings":false,"name":"Mahalingam N"}] Type: render_page
2021-01-04 02:47:18--- INFO --- 581964 Type: count_agent_bookings SQL
2021-01-04 02:47:18--- INFO --- "0" Type: count_agent_bookings
2021-01-04 02:47:18--- INFO --- 806826 Type: count_agent_bookings SQL
2021-01-04 02:47:18--- INFO --- "4" Type: count_agent_bookings
2021-01-04 02:47:18--- INFO --- 860291 Type: count_agent_bookings SQL
2021-01-04 02:47:18--- INFO --- "0" Type: count_agent_bookings
2021-01-04 02:47:18--- INFO --- 861266 Type: count_agent_bookings SQL
2021-01-04 02:47:18--- INFO --- "0" Type: count_agent_bookings
2021-01-04 02:47:18--- INFO --- 861268 Type: count_agent_bookings SQL
2021-01-04 02:47:18--- INFO --- "0" Type: count_agent_bookings
2021-01-04 02:47:18--- INFO --- [{"id":"2","instructor_id":"581964","inst_name":"Su Siva","latitude":"37.7922841","longitude":"-122.4001490","booking_ids":null,"count":"0","bookings":false,"name":"Su Siva"},{"id":"3","instructor_id":"806826","inst_name":"Satyen R","latitude":"43.4014739","longitude":"-79.7138736","booking_ids":null,"count":"4","bookings":[{"id":"6","student_id":"990085","tookan_id":"31905046","booking_date":"2020-12-30 17:30:00","booking_end":"2020-12-30 19:00:00","instructor":"806826","job_id":"180309443","status":"1"},{"id":"7","student_id":"990085","tookan_id":"31905046","booking_date":"2021-01-01 19:00:00","booking_end":"2021-01-01 20:30:00","instructor":"806826","job_id":"180314353","status":"1"},{"id":"8","student_id":"990085","tookan_id":"31905046","booking_date":"2021-01-04 18:00:00","booking_end":"2021-01-04 19:30:00","instructor":"806826","job_id":"182744862","status":"1"},{"id":"9","student_id":"990085","tookan_id":"31905046","booking_date":"2021-01-07 19:00:00","booking_end":"2021-01-07 20:30:00","instructor":"806826","job_id":"182748608","status":"1"}],"name":"Satyen R"},{"id":"4","instructor_id":"860291","inst_name":"Samer Alotaibi","latitude":"43.7525432","longitude":"-79.4646769","booking_ids":null,"count":"0","bookings":false,"name":"Samer Alotaibi"},{"id":"5","instructor_id":"861266","inst_name":"Goberdhan Neil Michael","latitude":"37.7922841","longitude":"-122.4001490","booking_ids":null,"count":"0","bookings":false,"name":"Goberdhan Neil Michael"},{"id":"6","instructor_id":"861268","inst_name":"Mahalingam N","latitude":"43.5413470","longitude":"-79.7166538","booking_ids":null,"count":"0","bookings":false,"name":"Mahalingam N"}] Type: render_page
2021-01-05 18:42:04--- INFO --- {"distance":2362.277846888586,"coords":{"lat":56.130366,"long":-106.346771},"$agent":{"id":"2","instructor_id":"581964","inst_name":"Su Siva","latitude":"37.7922841","longitude":"-122.4001490","booking_ids":null}} Type: get_nearest_instructor
2021-01-05 18:42:04--- INFO --- {"distance":2354.9145601927867,"coords":{"lat":56.130366,"long":-106.346771},"$agent":{"id":"3","instructor_id":"806826","inst_name":"Satyen R","latitude":"43.4014739","longitude":"-79.7138736","booking_ids":null}} Type: get_nearest_instructor
2021-01-05 18:42:04--- INFO --- {"distance":2340.8856120969426,"coords":{"lat":56.130366,"long":-106.346771},"$agent":{"id":"4","instructor_id":"860291","inst_name":"Samer Alotaibi","latitude":"43.7525432","longitude":"-79.4646769","booking_ids":null}} Type: get_nearest_instructor
2021-01-05 18:42:04--- INFO --- {"distance":2362.277846888586,"coords":{"lat":56.130366,"long":-106.346771},"$agent":{"id":"5","instructor_id":"861266","inst_name":"Goberdhan Neil Michael","latitude":"37.7922841","longitude":"-122.4001490","booking_ids":null}} Type: get_nearest_instructor
2021-01-05 18:42:04--- INFO --- {"distance":2343.5474258664576,"coords":{"lat":56.130366,"long":-106.346771},"$agent":{"id":"6","instructor_id":"861268","inst_name":"Mahalingam N","latitude":"43.5413470","longitude":"-79.7166538","booking_ids":null}} Type: get_nearest_instructor
2021-01-05 18:42:04--- INFO --- {"distance":3617.2229573908344,"coords":{"lat":43.40143940000001,"long":-79.71389219999999},"$agent":{"id":"2","instructor_id":"581964","inst_name":"Su Siva","latitude":"37.7922841","longitude":"-122.4001490","booking_ids":null}} Type: get_nearest_instructor
2021-01-05 18:42:04--- INFO --- {"distance":0.004120034211816695,"coords":{"lat":43.40143940000001,"long":-79.71389219999999},"$agent":{"id":"3","instructor_id":"806826","inst_name":"Satyen R","latitude":"43.4014739","longitude":"-79.7138736","booking_ids":null}} Type: get_nearest_instructor
2021-01-05 18:42:04--- INFO --- {"distance":43.90010431543702,"coords":{"lat":43.40143940000001,"long":-79.71389219999999},"$agent":{"id":"4","instructor_id":"860291","inst_name":"Samer Alotaibi","latitude":"43.7525432","longitude":"-79.4646769","booking_ids":null}} Type: get_nearest_instructor
2021-01-05 18:42:04--- INFO --- {"distance":3617.2229573908344,"coords":{"lat":43.40143940000001,"long":-79.71389219999999},"$agent":{"id":"5","instructor_id":"861266","inst_name":"Goberdhan Neil Michael","latitude":"37.7922841","longitude":"-122.4001490","booking_ids":null}} Type: get_nearest_instructor
2021-01-05 18:42:04--- INFO --- {"distance":15.558611374153415,"coords":{"lat":43.40143940000001,"long":-79.71389219999999},"$agent":{"id":"6","instructor_id":"861268","inst_name":"Mahalingam N","latitude":"43.5413470","longitude":"-79.7166538","booking_ids":null}} Type: get_nearest_instructor
2021-01-07 19:39:11--- INFO --- {"distance":2362.277846888586,"coords":{"lat":56.130366,"long":-106.346771},"$agent":{"id":"2","instructor_id":"581964","inst_name":"Su Siva","latitude":"37.7922841","longitude":"-122.4001490","booking_ids":null}} Type: get_nearest_instructor
2021-01-07 19:39:11--- INFO --- {"distance":2354.9145601927867,"coords":{"lat":56.130366,"long":-106.346771},"$agent":{"id":"3","instructor_id":"806826","inst_name":"Satyen R","latitude":"43.4014739","longitude":"-79.7138736","booking_ids":null}} Type: get_nearest_instructor
2021-01-07 19:39:11--- INFO --- {"distance":2340.8856120969426,"coords":{"lat":56.130366,"long":-106.346771},"$agent":{"id":"4","instructor_id":"860291","inst_name":"Samer Alotaibi","latitude":"43.7525432","longitude":"-79.4646769","booking_ids":null}} Type: get_nearest_instructor
2021-01-07 19:39:11--- INFO --- {"distance":2362.277846888586,"coords":{"lat":56.130366,"long":-106.346771},"$agent":{"id":"5","instructor_id":"861266","inst_name":"Goberdhan Neil Michael","latitude":"37.7922841","longitude":"-122.4001490","booking_ids":null}} Type: get_nearest_instructor
2021-01-07 19:39:11--- INFO --- {"distance":2343.5474258664576,"coords":{"lat":56.130366,"long":-106.346771},"$agent":{"id":"6","instructor_id":"861268","inst_name":"Mahalingam N","latitude":"43.5413470","longitude":"-79.7166538","booking_ids":null}} Type: get_nearest_instructor
