2020-11-14 04:39:37 ERROR: zcrmsdk\crm\exception\ZCRMException Caused by:'current user should either be set in ZCRMRestClient or in configuration map' in C:\wamp64\www\adeptdrivers\wp-content\plugins\adept-drivers\vendor\zohocrm\php-sdk\src\crm\utility\ZCRMConfigUtil.php(99)
Trace::#0 C:\wamp64\www\adeptdrivers\wp-content\plugins\adept-drivers\vendor\zohocrm\php-sdk\src\crm\api\APIRequest.php(88): zcrmsdk\crm\utility\ZCRMConfigUtil::getAccessToken()
#1 C:\wamp64\www\adeptdrivers\wp-content\plugins\adept-drivers\vendor\zohocrm\php-sdk\src\crm\api\APIRequest.php(138): zcrmsdk\crm\api\APIRequest->authenticateRequest()
#2 C:\wamp64\www\adeptdrivers\wp-content\plugins\adept-drivers\vendor\zohocrm\php-sdk\src\crm\api\handler\MetaDataAPIHandler.php(34): zcrmsdk\crm\api\APIRequest->getBulkAPIResponse()
#3 C:\wamp64\www\adeptdrivers\wp-content\plugins\adept-drivers\vendor\zohocrm\php-sdk\src\crm\setup\restclient\ZCRMRestClient.php(51): zcrmsdk\crm\api\handler\MetaDataAPIHandler->getAllModules()
#4 C:\wamp64\www\adeptdrivers\wp-content\plugins\adept-drivers\includes\class-adept-drivers-zcrm.php(298): zcrmsdk\crm\setup\restclient\ZCRMRestClient->getAllModules()
#5 C:\wamp64\www\adeptdrivers\wp-content\plugins\adept-drivers\includes\class-adept-drivers-zcrm.php(313): Adept_Drivers_ZCRM->get_zcrm_modules()
#6 C:\wamp64\www\adeptdrivers\wp-includes\class-wp-hook.php(287): Adept_Drivers_ZCRM->ad_zcrm_get_modules('')
#7 C:\wamp64\www\adeptdrivers\wp-includes\class-wp-hook.php(311): WP_Hook->apply_filters('', Array)
#8 C:\wamp64\www\adeptdrivers\wp-includes\plugin.php(478): WP_Hook->do_action(Array)
#9 C:\wamp64\www\adeptdrivers\wp-admin\admin-ajax.php(176): do_action('wp_ajax_ad_zcrm...')
#10 {main}
2020-11-14 04:41:23 SEVERE: Exception while retrieving tokens from persistence - zcrmsdk\oauth\exception\ZohoOAuthException Caused by:'No Tokens exist for the given user-identifier,Please generate and try again.' in C:\wamp64\www\adeptdrivers\wp-content\plugins\adept-drivers\vendor\zohocrm\php-sdk\src\oauth\persistence\ZohoOAuthPersistenceByFile.php(57)
#0 C:\wamp64\www\adeptdrivers\wp-content\plugins\adept-drivers\vendor\zohocrm\php-sdk\src\oauth\ZohoOAuthClient.php(38): zcrmsdk\oauth\persistence\ZohoOAuthPersistenceByFile->getOAuthTokens('shansiva@rogers...')
#1 C:\wamp64\www\adeptdrivers\wp-content\plugins\adept-drivers\vendor\zohocrm\php-sdk\src\crm\utility\ZCRMConfigUtil.php(104): zcrmsdk\oauth\ZohoOAuthClient->getAccessToken('shansiva@rogers...')
#2 C:\wamp64\www\adeptdrivers\wp-content\plugins\adept-drivers\vendor\zohocrm\php-sdk\src\crm\api\APIRequest.php(88): zcrmsdk\crm\utility\ZCRMConfigUtil::getAccessToken()
#3 C:\wamp64\www\adeptdrivers\wp-content\plugins\adept-drivers\vendor\zohocrm\php-sdk\src\crm\api\APIRequest.php(138): zcrmsdk\crm\api\APIRequest->authenticateRequest()
#4 C:\wamp64\www\adeptdrivers\wp-content\plugins\adept-drivers\vendor\zohocrm\php-sdk\src\crm\api\handler\MetaDataAPIHandler.php(34): zcrmsdk\crm\api\APIRequest->getBulkAPIResponse()
#5 C:\wamp64\www\adeptdrivers\wp-content\plugins\adept-drivers\vendor\zohocrm\php-sdk\src\crm\setup\restclient\ZCRMRestClient.php(51): zcrmsdk\crm\api\handler\MetaDataAPIHandler->getAllModules()
#6 C:\wamp64\www\adeptdrivers\wp-content\plugins\adept-drivers\includes\class-adept-drivers-zcrm.php(306): zcrmsdk\crm\setup\restclient\ZCRMRestClient->getAllModules()
#7 C:\wamp64\www\adeptdrivers\wp-content\plugins\adept-drivers\includes\class-adept-drivers-zcrm.php(321): Adept_Drivers_ZCRM->get_zcrm_modules()
#8 C:\wamp64\www\adeptdrivers\wp-includes\class-wp-hook.php(287): Adept_Drivers_ZCRM->ad_zcrm_get_modules('')
#9 C:\wamp64\www\adeptdrivers\wp-includes\class-wp-hook.php(311): WP_Hook->apply_filters('', Array)
#10 C:\wamp64\www\adeptdrivers\wp-includes\plugin.php(478): WP_Hook->do_action(Array)
#11 C:\wamp64\www\adeptdrivers\wp-admin\admin-ajax.php(176): do_action('wp_ajax_ad_zcrm...')
#12 {main}
